<?xml version="1.0" encoding="UTF-8"?>
<coverage generated="1590674492140" clover="3.2.0">
  <project timestamp="1590674492140" name="All files">
    <metrics statements="176" coveredstatements="176" conditionals="84" coveredconditionals="84" methods="44" coveredmethods="44" elements="304" coveredelements="304" complexity="0" loc="176" ncloc="176" packages="4" files="15" classes="15"/>
    <package name="components">
      <metrics statements="65" coveredstatements="65" conditionals="37" coveredconditionals="37" methods="19" coveredmethods="19"/>
      <file name="ArticleItem.js" path="/Users/sflorez/Documents/condorlabs/repositories/test-news/src/components/ArticleItem.js">
        <metrics statements="3" coveredstatements="3" conditionals="2" coveredconditionals="2" methods="1" coveredmethods="1"/>
        <line num="6" count="3" type="stmt"/>
        <line num="7" count="88" type="stmt"/>
        <line num="27" count="3" type="stmt"/>
      </file>
      <file name="ArticlesList.js" path="/Users/sflorez/Documents/condorlabs/repositories/test-news/src/components/ArticlesList.js">
        <metrics statements="6" coveredstatements="6" conditionals="2" coveredconditionals="2" methods="2" coveredmethods="2"/>
        <line num="7" count="2" type="stmt"/>
        <line num="8" count="41" type="cond" truecount="2" falsecount="0"/>
        <line num="9" count="41" type="stmt"/>
        <line num="12" count="84" type="stmt"/>
        <line num="30" count="2" type="stmt"/>
        <line num="34" count="2" type="stmt"/>
      </file>
      <file name="Banner.js" path="/Users/sflorez/Documents/condorlabs/repositories/test-news/src/components/Banner.js">
        <metrics statements="5" coveredstatements="5" conditionals="0" coveredconditionals="0" methods="2" coveredmethods="2"/>
        <line num="9" count="2" type="stmt"/>
        <line num="16" count="41" type="stmt"/>
        <line num="40" count="2" type="stmt"/>
        <line num="48" count="2" type="stmt"/>
        <line num="54" count="1" type="stmt"/>
      </file>
      <file name="ContactForm.js" path="/Users/sflorez/Documents/condorlabs/repositories/test-news/src/components/ContactForm.js">
        <metrics statements="11" coveredstatements="11" conditionals="0" coveredconditionals="0" methods="2" coveredmethods="2"/>
        <line num="14" count="2" type="stmt"/>
        <line num="15" count="71" type="stmt"/>
        <line num="24" count="71" type="stmt"/>
        <line num="53" count="71" type="stmt"/>
        <line num="54" count="4" type="stmt"/>
        <line num="62" count="4" type="stmt"/>
        <line num="64" count="4" type="stmt"/>
        <line num="67" count="71" type="stmt"/>
        <line num="73" count="71" type="stmt"/>
        <line num="163" count="2" type="stmt"/>
        <line num="168" count="2" type="stmt"/>
      </file>
      <file name="Header.js" path="/Users/sflorez/Documents/condorlabs/repositories/test-news/src/components/Header.js">
        <metrics statements="14" coveredstatements="14" conditionals="8" coveredconditionals="8" methods="6" coveredmethods="6"/>
        <line num="11" count="3" type="stmt"/>
        <line num="30" count="3" type="stmt"/>
        <line num="38" count="44" type="stmt"/>
        <line num="39" count="10" type="stmt"/>
        <line num="42" count="44" type="cond" truecount="4" falsecount="0"/>
        <line num="44" count="44" type="stmt"/>
        <line num="45" count="16" type="stmt"/>
        <line num="49" count="64" type="stmt"/>
        <line num="52" count="10" type="stmt"/>
        <line num="66" count="44" type="stmt"/>
        <line num="67" count="16" type="stmt"/>
        <line num="87" count="44" type="stmt"/>
        <line num="109" count="3" type="stmt"/>
        <line num="119" count="3" type="stmt"/>
      </file>
      <file name="Layout.js" path="/Users/sflorez/Documents/condorlabs/repositories/test-news/src/components/Layout.js">
        <metrics statements="11" coveredstatements="11" conditionals="8" coveredconditionals="8" methods="3" coveredmethods="3"/>
        <line num="16" count="2" type="stmt"/>
        <line num="25" count="41" type="stmt"/>
        <line num="27" count="41" type="cond" truecount="4" falsecount="0"/>
        <line num="30" count="41" type="stmt"/>
        <line num="32" count="41" type="stmt"/>
        <line num="45" count="1" type="stmt"/>
        <line num="55" count="2" type="stmt"/>
        <line num="65" count="2" type="stmt"/>
        <line num="72" count="2" type="stmt"/>
        <line num="73" count="37" type="stmt"/>
        <line num="82" count="37" type="stmt"/>
      </file>
      <file name="Seo.js" path="/Users/sflorez/Documents/condorlabs/repositories/test-news/src/components/Seo.js">
        <metrics statements="10" coveredstatements="10" conditionals="13" coveredconditionals="13" methods="2" coveredmethods="2"/>
        <line num="13" count="2" type="stmt"/>
        <line num="15" count="42" type="cond" truecount="5" falsecount="0"/>
        <line num="20" count="42" type="cond" truecount="4" falsecount="0"/>
        <line num="23" count="42" type="cond" truecount="4" falsecount="0"/>
        <line num="25" count="42" type="stmt"/>
        <line num="70" count="2" type="stmt"/>
        <line num="76" count="2" type="stmt"/>
        <line num="84" count="2" type="stmt"/>
        <line num="85" count="37" type="stmt"/>
        <line num="94" count="37" type="stmt"/>
      </file>
      <file name="TextArea.js" path="/Users/sflorez/Documents/condorlabs/repositories/test-news/src/components/TextArea.js">
        <metrics statements="5" coveredstatements="5" conditionals="4" coveredconditionals="4" methods="1" coveredmethods="1"/>
        <line num="4" count="3" type="stmt"/>
        <line num="5" count="78" type="stmt"/>
        <line num="12" count="78" type="stmt"/>
        <line num="44" count="3" type="stmt"/>
        <line num="52" count="3" type="stmt"/>
      </file>
    </package>
    <package name="lib">
      <metrics statements="49" coveredstatements="49" conditionals="27" coveredconditionals="27" methods="9" coveredmethods="9"/>
      <file name="request.js" path="/Users/sflorez/Documents/condorlabs/repositories/test-news/src/lib/request.js">
        <metrics statements="3" coveredstatements="3" conditionals="0" coveredconditionals="0" methods="1" coveredmethods="1"/>
        <line num="3" count="2" type="stmt"/>
        <line num="4" count="16" type="stmt"/>
        <line num="12" count="16" type="stmt"/>
      </file>
      <file name="useForm.js" path="/Users/sflorez/Documents/condorlabs/repositories/test-news/src/lib/useForm.js">
        <metrics statements="39" coveredstatements="39" conditionals="27" coveredconditionals="27" methods="7" coveredmethods="7"/>
        <line num="4" count="71" type="stmt"/>
        <line num="6" count="71" type="stmt"/>
        <line num="7" count="114" type="cond" truecount="4" falsecount="0"/>
        <line num="8" count="41" type="cond" truecount="4" falsecount="0"/>
        <line num="9" count="4" type="stmt"/>
        <line num="12" count="110" type="stmt"/>
        <line num="16" count="71" type="stmt"/>
        <line num="17" count="12" type="stmt"/>
        <line num="18" count="12" type="stmt"/>
        <line num="20" count="12" type="stmt"/>
        <line num="21" count="72" type="stmt"/>
        <line num="22" count="72" type="stmt"/>
        <line num="23" count="72" type="stmt"/>
        <line num="24" count="72" type="stmt"/>
        <line num="26" count="72" type="stmt"/>
        <line num="28" count="72" type="cond" truecount="2" falsecount="0"/>
        <line num="29" count="2" type="stmt"/>
        <line num="30" count="70" type="cond" truecount="5" falsecount="0"/>
        <line num="31" count="10" type="stmt"/>
        <line num="34" count="72" type="cond" truecount="2" falsecount="0"/>
        <line num="35" count="12" type="stmt"/>
        <line num="36" count="12" type="stmt"/>
        <line num="43" count="12" type="stmt"/>
        <line num="47" count="71" type="stmt"/>
        <line num="51" count="42" type="stmt"/>
        <line num="52" count="42" type="stmt"/>
        <line num="54" count="42" type="cond" truecount="2" falsecount="0"/>
        <line num="56" count="42" type="stmt"/>
        <line num="57" count="42" type="cond" truecount="2" falsecount="0"/>
        <line num="58" count="41" type="cond" truecount="2" falsecount="0"/>
        <line num="59" count="1" type="stmt"/>
        <line num="63" count="42" type="cond" truecount="2" falsecount="0"/>
        <line num="64" count="2" type="stmt"/>
        <line num="67" count="42" type="stmt"/>
        <line num="75" count="71" type="stmt"/>
        <line num="77" count="12" type="stmt"/>
        <line num="80" count="12" type="cond" truecount="2" falsecount="0"/>
        <line num="81" count="4" type="stmt"/>
        <line num="87" count="71" type="stmt"/>
      </file>
      <file name="utils.js" path="/Users/sflorez/Documents/condorlabs/repositories/test-news/src/lib/utils.js">
        <metrics statements="7" coveredstatements="7" conditionals="0" coveredconditionals="0" methods="1" coveredmethods="1"/>
        <line num="2" count="49" type="stmt"/>
        <line num="3" count="49" type="stmt"/>
        <line num="4" count="49" type="stmt"/>
        <line num="5" count="49" type="stmt"/>
        <line num="6" count="49" type="stmt"/>
        <line num="7" count="49" type="stmt"/>
        <line num="9" count="49" type="stmt"/>
      </file>
    </package>
    <package name="pages">
      <metrics statements="31" coveredstatements="31" conditionals="4" coveredconditionals="4" methods="8" coveredmethods="8"/>
      <file name="index.js" path="/Users/sflorez/Documents/condorlabs/repositories/test-news/src/pages/index.js">
        <metrics statements="31" coveredstatements="31" conditionals="4" coveredconditionals="4" methods="8" coveredmethods="8"/>
        <line num="21" count="1" type="stmt"/>
        <line num="29" count="49" type="stmt"/>
        <line num="30" count="49" type="stmt"/>
        <line num="31" count="49" type="stmt"/>
        <line num="35" count="49" type="stmt"/>
        <line num="38" count="49" type="stmt"/>
        <line num="42" count="49" type="stmt"/>
        <line num="43" count="3" type="stmt"/>
        <line num="44" count="3" type="stmt"/>
        <line num="47" count="49" type="stmt"/>
        <line num="48" count="1" type="stmt"/>
        <line num="51" count="49" type="stmt"/>
        <line num="52" count="15" type="stmt"/>
        <line num="53" count="15" type="stmt"/>
        <line num="54" count="15" type="stmt"/>
        <line num="57" count="49" type="stmt"/>
        <line num="58" count="6" type="stmt"/>
        <line num="59" count="6" type="cond" truecount="2" falsecount="0"/>
        <line num="60" count="4" type="stmt"/>
        <line num="61" count="4" type="stmt"/>
        <line num="62" count="4" type="stmt"/>
        <line num="66" count="49" type="cond" truecount="2" falsecount="0"/>
        <line num="67" count="12" type="stmt"/>
        <line num="70" count="49" type="stmt"/>
        <line num="95" count="3" type="stmt"/>
        <line num="134" count="1" type="stmt"/>
        <line num="146" count="1" type="stmt"/>
        <line num="151" count="1" type="stmt"/>
        <line num="152" count="12" type="stmt"/>
        <line num="153" count="12" type="stmt"/>
        <line num="159" count="34" type="stmt"/>
      </file>
    </package>
    <package name="state">
      <metrics statements="31" coveredstatements="31" conditionals="16" coveredconditionals="16" methods="8" coveredmethods="8"/>
      <file name="actions.js" path="/Users/sflorez/Documents/condorlabs/repositories/test-news/src/state/actions.js">
        <metrics statements="19" coveredstatements="19" conditionals="10" coveredconditionals="10" methods="7" coveredmethods="7"/>
        <line num="12" count="2" type="stmt"/>
        <line num="14" count="2" type="stmt"/>
        <line num="16" count="10" type="stmt"/>
        <line num="21" count="3" type="stmt"/>
        <line num="26" count="3" type="stmt"/>
        <line num="32" count="24" type="stmt"/>
        <line num="33" count="16" type="stmt"/>
        <line num="35" count="16" type="stmt"/>
        <line num="47" count="16" type="cond" truecount="2" falsecount="0"/>
        <line num="49" count="16" type="stmt"/>
        <line num="52" count="15" type="cond" truecount="2" falsecount="0"/>
        <line num="58" count="13" type="cond" truecount="2" falsecount="0"/>
        <line num="59" count="3" type="stmt"/>
        <line num="60" count="10" type="stmt"/>
        <line num="62" count="13" type="stmt"/>
        <line num="65" count="2" type="stmt"/>
        <line num="67" count="2" type="stmt"/>
        <line num="72" count="1" type="stmt"/>
        <line num="74" count="1" type="stmt"/>
      </file>
      <file name="app.js" path="/Users/sflorez/Documents/condorlabs/repositories/test-news/src/state/app.js">
        <metrics statements="7" coveredstatements="7" conditionals="6" coveredconditionals="6" methods="1" coveredmethods="1"/>
        <line num="8" count="1" type="stmt"/>
        <line num="15" count="27" type="cond" truecount="5" falsecount="0"/>
        <line num="17" count="11" type="stmt"/>
        <line num="19" count="8" type="stmt"/>
        <line num="25" count="2" type="stmt"/>
        <line num="31" count="1" type="stmt"/>
        <line num="33" count="5" type="stmt"/>
      </file>
      <file name="contants.js" path="/Users/sflorez/Documents/condorlabs/repositories/test-news/src/state/contants.js">
        <metrics statements="5" coveredstatements="5" conditionals="0" coveredconditionals="0" methods="0" coveredmethods="0"/>
        <line num="1" count="2" type="stmt"/>
        <line num="2" count="2" type="stmt"/>
        <line num="3" count="2" type="stmt"/>
        <line num="4" count="2" type="stmt"/>
        <line num="5" count="2" type="stmt"/>
      </file>
    </package>
  </project>
</coverage>
