<?xml version="1.0" encoding="UTF-8"?>
<coverage generated="1590597542030" clover="3.2.0">
  <project timestamp="1590597542030" name="All files">
    <metrics statements="185" coveredstatements="163" conditionals="102" coveredconditionals="78" methods="47" coveredmethods="36" elements="334" coveredelements="277" complexity="0" loc="185" ncloc="185" packages="4" files="14" classes="14"/>
    <package name="components">
      <metrics statements="58" coveredstatements="57" conditionals="34" coveredconditionals="28" methods="17" coveredmethods="16"/>
      <file name="ArticleItem.js" path="/Users/sflorez/Documents/condorlabs/repositories/test-news/src/components/ArticleItem.js">
        <metrics statements="3" coveredstatements="3" conditionals="2" coveredconditionals="2" methods="1" coveredmethods="1"/>
        <line num="6" count="3" type="stmt"/>
        <line num="7" count="11" type="stmt"/>
        <line num="27" count="3" type="stmt"/>
      </file>
      <file name="ArticlesList.js" path="/Users/sflorez/Documents/condorlabs/repositories/test-news/src/components/ArticlesList.js">
        <metrics statements="6" coveredstatements="6" conditionals="2" coveredconditionals="2" methods="2" coveredmethods="2"/>
        <line num="7" count="2" type="stmt"/>
        <line num="8" count="5" type="cond" truecount="2" falsecount="0"/>
        <line num="9" count="5" type="stmt"/>
        <line num="12" count="4" type="stmt"/>
        <line num="25" count="2" type="stmt"/>
        <line num="29" count="2" type="stmt"/>
      </file>
      <file name="Banner.js" path="/Users/sflorez/Documents/condorlabs/repositories/test-news/src/components/Banner.js">
        <metrics statements="5" coveredstatements="5" conditionals="0" coveredconditionals="0" methods="2" coveredmethods="2"/>
        <line num="9" count="2" type="stmt"/>
        <line num="16" count="5" type="stmt"/>
        <line num="40" count="2" type="stmt"/>
        <line num="48" count="2" type="stmt"/>
        <line num="54" count="1" type="stmt"/>
      </file>
      <file name="ContactForm.js" path="/Users/sflorez/Documents/condorlabs/repositories/test-news/src/components/ContactForm.js">
        <metrics statements="12" coveredstatements="12" conditionals="2" coveredconditionals="1" methods="2" coveredmethods="2"/>
        <line num="14" count="2" type="stmt"/>
        <line num="15" count="55" type="stmt"/>
        <line num="24" count="55" type="stmt"/>
        <line num="53" count="55" type="stmt"/>
        <line num="54" count="1" type="cond" truecount="1" falsecount="1"/>
        <line num="55" count="1" type="stmt"/>
        <line num="63" count="1" type="stmt"/>
        <line num="65" count="1" type="stmt"/>
        <line num="68" count="55" type="stmt"/>
        <line num="74" count="55" type="stmt"/>
        <line num="158" count="2" type="stmt"/>
        <line num="163" count="2" type="stmt"/>
      </file>
      <file name="Header.js" path="/Users/sflorez/Documents/condorlabs/repositories/test-news/src/components/Header.js">
        <metrics statements="14" coveredstatements="14" conditionals="8" coveredconditionals="8" methods="6" coveredmethods="6"/>
        <line num="11" count="2" type="stmt"/>
        <line num="30" count="2" type="stmt"/>
        <line num="38" count="4" type="stmt"/>
        <line num="39" count="4" type="stmt"/>
        <line num="42" count="4" type="cond" truecount="4" falsecount="0"/>
        <line num="44" count="4" type="stmt"/>
        <line num="45" count="3" type="stmt"/>
        <line num="49" count="12" type="stmt"/>
        <line num="52" count="4" type="stmt"/>
        <line num="66" count="4" type="stmt"/>
        <line num="67" count="3" type="stmt"/>
        <line num="87" count="4" type="stmt"/>
        <line num="109" count="2" type="stmt"/>
        <line num="119" count="2" type="stmt"/>
      </file>
      <file name="Layout.js" path="/Users/sflorez/Documents/condorlabs/repositories/test-news/src/components/Layout.js">
        <metrics statements="8" coveredstatements="7" conditionals="8" coveredconditionals="6" methods="2" coveredmethods="1"/>
        <line num="16" count="1" type="stmt"/>
        <line num="24" count="1" type="stmt"/>
        <line num="26" count="1" type="stmt"/>
        <line num="39" count="1" type="stmt"/>
        <line num="41" count="1" type="stmt"/>
        <line num="58" count="0" type="stmt"/>
        <line num="68" count="1" type="stmt"/>
        <line num="77" count="1" type="stmt"/>
      </file>
      <file name="Seo.js" path="/Users/sflorez/Documents/condorlabs/repositories/test-news/src/components/Seo.js">
        <metrics statements="5" coveredstatements="5" conditionals="8" coveredconditionals="5" methods="1" coveredmethods="1"/>
        <line num="14" count="1" type="stmt"/>
        <line num="29" count="1" type="cond" truecount="3" falsecount="1"/>
        <line num="33" count="1" type="stmt"/>
        <line num="80" count="1" type="stmt"/>
        <line num="86" count="1" type="stmt"/>
      </file>
      <file name="TextArea.js" path="/Users/sflorez/Documents/condorlabs/repositories/test-news/src/components/TextArea.js">
        <metrics statements="5" coveredstatements="5" conditionals="4" coveredconditionals="4" methods="1" coveredmethods="1"/>
        <line num="4" count="3" type="stmt"/>
        <line num="5" count="47" type="stmt"/>
        <line num="12" count="47" type="stmt"/>
        <line num="44" count="3" type="stmt"/>
        <line num="52" count="3" type="stmt"/>
      </file>
    </package>
    <package name="lib">
      <metrics statements="70" coveredstatements="69" conditionals="44" coveredconditionals="39" methods="13" coveredmethods="13"/>
      <file name="request.js" path="/Users/sflorez/Documents/condorlabs/repositories/test-news/src/lib/request.js">
        <metrics statements="4" coveredstatements="4" conditionals="1" coveredconditionals="0" methods="1" coveredmethods="1"/>
        <line num="3" count="2" type="cond" truecount="0" falsecount="1"/>
        <line num="4" count="1" type="stmt"/>
        <line num="6" count="1" type="stmt"/>
        <line num="14" count="1" type="stmt"/>
      </file>
      <file name="useForm.js" path="/Users/sflorez/Documents/condorlabs/repositories/test-news/src/lib/useForm.js">
        <metrics statements="59" coveredstatements="58" conditionals="43" coveredconditionals="39" methods="11" coveredmethods="11"/>
        <line num="4" count="55" type="stmt"/>
        <line num="5" count="55" type="stmt"/>
        <line num="6" count="55" type="stmt"/>
        <line num="9" count="55" type="stmt"/>
        <line num="10" count="15" type="stmt"/>
        <line num="13" count="55" type="stmt"/>
        <line num="14" count="90" type="cond" truecount="4" falsecount="0"/>
        <line num="15" count="33" type="cond" truecount="4" falsecount="0"/>
        <line num="16" count="4" type="stmt"/>
        <line num="19" count="86" type="stmt"/>
        <line num="26" count="55" type="stmt"/>
        <line num="27" count="23" type="stmt"/>
        <line num="28" count="78" type="stmt"/>
        <line num="29" count="78" type="stmt"/>
        <line num="30" count="78" type="stmt"/>
        <line num="32" count="78" type="cond" truecount="5" falsecount="0"/>
        <line num="33" count="21" type="stmt"/>
        <line num="36" count="57" type="cond" truecount="2" falsecount="0"/>
        <line num="40" count="16" type="cond" truecount="1" falsecount="1"/>
        <line num="44" count="0" type="stmt"/>
        <line num="48" count="57" type="stmt"/>
        <line num="50" count="23" type="stmt"/>
        <line num="54" count="55" type="stmt"/>
        <line num="55" count="9" type="stmt"/>
        <line num="56" count="9" type="stmt"/>
        <line num="58" count="9" type="stmt"/>
        <line num="59" count="54" type="stmt"/>
        <line num="60" count="54" type="stmt"/>
        <line num="61" count="54" type="stmt"/>
        <line num="62" count="54" type="stmt"/>
        <line num="64" count="54" type="stmt"/>
        <line num="66" count="54" type="cond" truecount="5" falsecount="0"/>
        <line num="67" count="12" type="stmt"/>
        <line num="70" count="54" type="cond" truecount="2" falsecount="0"/>
        <line num="71" count="2" type="stmt"/>
        <line num="73" count="54" type="cond" truecount="2" falsecount="0"/>
        <line num="74" count="12" type="stmt"/>
        <line num="75" count="12" type="stmt"/>
        <line num="82" count="9" type="stmt"/>
        <line num="87" count="55" type="stmt"/>
        <line num="88" count="39" type="cond" truecount="2" falsecount="0"/>
        <line num="89" count="23" type="stmt"/>
        <line num="94" count="55" type="stmt"/>
        <line num="96" count="36" type="stmt"/>
        <line num="98" count="36" type="stmt"/>
        <line num="99" count="36" type="stmt"/>
        <line num="101" count="36" type="cond" truecount="1" falsecount="1"/>
        <line num="103" count="36" type="stmt"/>
        <line num="104" count="36" type="cond" truecount="1" falsecount="1"/>
        <line num="105" count="36" type="cond" truecount="2" falsecount="0"/>
        <line num="106" count="1" type="stmt"/>
        <line num="110" count="36" type="cond" truecount="2" falsecount="0"/>
        <line num="111" count="2" type="stmt"/>
        <line num="114" count="36" type="stmt"/>
        <line num="122" count="55" type="stmt"/>
        <line num="124" count="9" type="stmt"/>
        <line num="127" count="9" type="cond" truecount="2" falsecount="0"/>
        <line num="128" count="1" type="stmt"/>
        <line num="134" count="55" type="stmt"/>
      </file>
      <file name="utils.js" path="/Users/sflorez/Documents/condorlabs/repositories/test-news/src/lib/utils.js">
        <metrics statements="7" coveredstatements="7" conditionals="0" coveredconditionals="0" methods="1" coveredmethods="1"/>
        <line num="2" count="2" type="stmt"/>
        <line num="3" count="2" type="stmt"/>
        <line num="4" count="2" type="stmt"/>
        <line num="5" count="2" type="stmt"/>
        <line num="6" count="2" type="stmt"/>
        <line num="7" count="2" type="stmt"/>
        <line num="9" count="2" type="stmt"/>
      </file>
    </package>
    <package name="pages">
      <metrics statements="31" coveredstatements="20" conditionals="6" coveredconditionals="2" methods="10" coveredmethods="4"/>
      <file name="index.js" path="/Users/sflorez/Documents/condorlabs/repositories/test-news/src/pages/index.js">
        <metrics statements="31" coveredstatements="20" conditionals="6" coveredconditionals="2" methods="10" coveredmethods="4"/>
        <line num="21" count="1" type="stmt"/>
        <line num="29" count="2" type="stmt"/>
        <line num="30" count="2" type="stmt"/>
        <line num="31" count="2" type="stmt"/>
        <line num="35" count="2" type="stmt"/>
        <line num="38" count="2" type="stmt"/>
        <line num="42" count="2" type="stmt"/>
        <line num="43" count="0" type="stmt"/>
        <line num="44" count="0" type="stmt"/>
        <line num="47" count="2" type="stmt"/>
        <line num="48" count="1" type="stmt"/>
        <line num="49" count="1" type="stmt"/>
        <line num="50" count="1" type="stmt"/>
        <line num="53" count="2" type="stmt"/>
        <line num="54" count="0" type="stmt"/>
        <line num="55" count="0" type="cond" truecount="0" falsecount="2"/>
        <line num="56" count="0" type="stmt"/>
        <line num="57" count="0" type="stmt"/>
        <line num="58" count="0" type="stmt"/>
        <line num="62" count="2" type="cond" truecount="2" falsecount="0"/>
        <line num="63" count="1" type="stmt"/>
        <line num="66" count="2" type="stmt"/>
        <line num="91" count="0" type="stmt"/>
        <line num="104" count="0" type="stmt"/>
        <line num="112" count="0" type="stmt"/>
        <line num="125" count="0" type="stmt"/>
        <line num="138" count="1" type="stmt"/>
        <line num="150" count="1" type="stmt"/>
        <line num="151" count="1" type="stmt"/>
        <line num="152" count="1" type="stmt"/>
        <line num="158" count="1" type="stmt"/>
      </file>
    </package>
    <package name="state">
      <metrics statements="26" coveredstatements="17" conditionals="18" coveredconditionals="9" methods="7" coveredmethods="3"/>
      <file name="actions.js" path="/Users/sflorez/Documents/condorlabs/repositories/test-news/src/state/actions.js">
        <metrics statements="21" coveredstatements="12" conditionals="18" coveredconditionals="9" methods="7" coveredmethods="3"/>
        <line num="12" count="2" type="stmt"/>
        <line num="13" count="2" type="stmt"/>
        <line num="17" count="2" type="stmt"/>
        <line num="22" count="2" type="stmt"/>
        <line num="27" count="2" type="stmt"/>
        <line num="33" count="2" type="cond" truecount="1" falsecount="0"/>
        <line num="34" count="1" type="cond" truecount="1" falsecount="1"/>
        <line num="35" count="0" type="stmt"/>
        <line num="38" count="1" type="stmt"/>
        <line num="50" count="1" type="stmt"/>
        <line num="53" count="1" type="cond" truecount="1" falsecount="1"/>
        <line num="59" count="1" type="cond" truecount="1" falsecount="1"/>
        <line num="60" count="0" type="cond" truecount="0" falsecount="2"/>
        <line num="61" count="0" type="stmt"/>
        <line num="62" count="0" type="stmt"/>
        <line num="65" count="1" type="stmt"/>
        <line num="69" count="0" type="stmt"/>
        <line num="70" count="0" type="cond" truecount="0" falsecount="2"/>
        <line num="71" count="0" type="stmt"/>
        <line num="72" count="0" type="stmt"/>
        <line num="74" count="0" type="stmt"/>
      </file>
      <file name="contants.js" path="/Users/sflorez/Documents/condorlabs/repositories/test-news/src/state/contants.js">
        <metrics statements="5" coveredstatements="5" conditionals="0" coveredconditionals="0" methods="0" coveredmethods="0"/>
        <line num="1" count="2" type="stmt"/>
        <line num="2" count="2" type="stmt"/>
        <line num="3" count="2" type="stmt"/>
        <line num="4" count="2" type="stmt"/>
        <line num="5" count="2" type="stmt"/>
      </file>
    </package>
  </project>
</coverage>
