{"/Users/sflorez/Documents/condorlabs/repositories/test-news/src/components/ArticleItem.js": {"path":"/Users/sflorez/Documents/condorlabs/repositories/test-news/src/components/ArticleItem.js","statementMap":{"0":{"start":{"line":6,"column":20},"end":{"line":25,"column":1}},"1":{"start":{"line":7,"column":2},"end":{"line":24,"column":4}},"2":{"start":{"line":27,"column":0},"end":{"line":32,"column":2}}},"fnMap":{"0":{"name":"(anonymous_0)","decl":{"start":{"line":6,"column":20},"end":{"line":6,"column":21}},"loc":{"start":{"line":6,"column":53},"end":{"line":25,"column":1}},"line":6}},"branchMap":{"0":{"loc":{"start":{"line":17,"column":15},"end":{"line":17,"column":39}},"type":"binary-expr","locations":[{"start":{"line":17,"column":15},"end":{"line":17,"column":20}},{"start":{"line":17,"column":24},"end":{"line":17,"column":39}}],"line":17}},"s":{"0":3,"1":11,"2":3},"f":{"0":11},"b":{"0":[11,5]},"_coverageSchema":"1a1c01bbd47fc00a2c39e90264f33305004495a9","hash":"8b09ab2cfdadea3829c5be42495f9342e6c28791"}
,"/Users/sflorez/Documents/condorlabs/repositories/test-news/src/components/ArticlesList.js": {"path":"/Users/sflorez/Documents/condorlabs/repositories/test-news/src/components/ArticlesList.js","statementMap":{"0":{"start":{"line":7,"column":21},"end":{"line":23,"column":1}},"1":{"start":{"line":8,"column":22},"end":{"line":8,"column":61}},"2":{"start":{"line":9,"column":2},"end":{"line":22,"column":4}},"3":{"start":{"line":12,"column":8},"end":{"line":19,"column":14}},"4":{"start":{"line":25,"column":0},"end":{"line":27,"column":2}},"5":{"start":{"line":29,"column":0},"end":{"line":31,"column":2}}},"fnMap":{"0":{"name":"(anonymous_0)","decl":{"start":{"line":7,"column":21},"end":{"line":7,"column":22}},"loc":{"start":{"line":7,"column":39},"end":{"line":23,"column":1}},"line":7},"1":{"name":"(anonymous_1)","decl":{"start":{"line":11,"column":25},"end":{"line":11,"column":26}},"loc":{"start":{"line":12,"column":8},"end":{"line":19,"column":14}},"line":12}},"branchMap":{"0":{"loc":{"start":{"line":8,"column":22},"end":{"line":8,"column":61}},"type":"cond-expr","locations":[{"start":{"line":8,"column":48},"end":{"line":8,"column":56}},{"start":{"line":8,"column":59},"end":{"line":8,"column":61}}],"line":8}},"s":{"0":2,"1":5,"2":5,"3":4,"4":2,"5":2},"f":{"0":5,"1":4},"b":{"0":[4,1]},"_coverageSchema":"1a1c01bbd47fc00a2c39e90264f33305004495a9","hash":"2683d983717862a377788f0db7cbde33d0a53c42"}
,"/Users/sflorez/Documents/condorlabs/repositories/test-news/src/components/Banner.js": {"path":"/Users/sflorez/Documents/condorlabs/repositories/test-news/src/components/Banner.js","statementMap":{"0":{"start":{"line":9,"column":15},"end":{"line":38,"column":1}},"1":{"start":{"line":16,"column":2},"end":{"line":37,"column":4}},"2":{"start":{"line":40,"column":0},"end":{"line":46,"column":2}},"3":{"start":{"line":48,"column":0},"end":{"line":56,"column":2}},"4":{"start":{"line":54,"column":4},"end":{"line":54,"column":17}}},"fnMap":{"0":{"name":"(anonymous_0)","decl":{"start":{"line":9,"column":15},"end":{"line":9,"column":16}},"loc":{"start":{"line":15,"column":6},"end":{"line":38,"column":1}},"line":15},"1":{"name":"(anonymous_1)","decl":{"start":{"line":53,"column":16},"end":{"line":53,"column":17}},"loc":{"start":{"line":53,"column":22},"end":{"line":55,"column":3}},"line":53}},"branchMap":{},"s":{"0":2,"1":5,"2":2,"3":2,"4":1},"f":{"0":5,"1":1},"b":{},"_coverageSchema":"1a1c01bbd47fc00a2c39e90264f33305004495a9","hash":"2806fdadafa5e41b3064afc816181f815ab3d4b0"}
,"/Users/sflorez/Documents/condorlabs/repositories/test-news/src/components/ContactForm.js": {"path":"/Users/sflorez/Documents/condorlabs/repositories/test-news/src/components/ContactForm.js","statementMap":{"0":{"start":{"line":14,"column":20},"end":{"line":156,"column":1}},"1":{"start":{"line":15,"column":22},"end":{"line":22,"column":3}},"2":{"start":{"line":24,"column":32},"end":{"line":51,"column":3}},"3":{"start":{"line":53,"column":23},"end":{"line":66,"column":3}},"4":{"start":{"line":54,"column":4},"end":{"line":64,"column":5}},"5":{"start":{"line":55,"column":21},"end":{"line":62,"column":7}},"6":{"start":{"line":63,"column":6},"end":{"line":63,"column":51}},"7":{"start":{"line":65,"column":4},"end":{"line":65,"column":16}},"8":{"start":{"line":68,"column":52},"end":{"line":72,"column":3}},"9":{"start":{"line":74,"column":2},"end":{"line":155,"column":4}},"10":{"start":{"line":158,"column":0},"end":{"line":161,"column":2}},"11":{"start":{"line":163,"column":0},"end":{"line":165,"column":2}}},"fnMap":{"0":{"name":"(anonymous_0)","decl":{"start":{"line":14,"column":20},"end":{"line":14,"column":21}},"loc":{"start":{"line":14,"column":48},"end":{"line":156,"column":1}},"line":14},"1":{"name":"(anonymous_1)","decl":{"start":{"line":53,"column":23},"end":{"line":53,"column":24}},"loc":{"start":{"line":53,"column":34},"end":{"line":66,"column":3}},"line":53}},"branchMap":{"0":{"loc":{"start":{"line":54,"column":4},"end":{"line":64,"column":5}},"type":"if","locations":[{"start":{"line":54,"column":4},"end":{"line":64,"column":5}},{"start":{"line":54,"column":4},"end":{"line":64,"column":5}}],"line":54}},"s":{"0":2,"1":55,"2":55,"3":55,"4":1,"5":1,"6":1,"7":1,"8":55,"9":55,"10":2,"11":2},"f":{"0":55,"1":1},"b":{"0":[1,0]},"_coverageSchema":"1a1c01bbd47fc00a2c39e90264f33305004495a9","hash":"64e8813df80ad4332f5f74dfcd0b7655c6c1fbd3"}
,"/Users/sflorez/Documents/condorlabs/repositories/test-news/src/components/Header.js": {"path":"/Users/sflorez/Documents/condorlabs/repositories/test-news/src/components/Header.js","statementMap":{"0":{"start":{"line":11,"column":24},"end":{"line":28,"column":1}},"1":{"start":{"line":30,"column":15},"end":{"line":107,"column":1}},"2":{"start":{"line":38,"column":24},"end":{"line":40,"column":3}},"3":{"start":{"line":39,"column":4},"end":{"line":39,"column":25}},"4":{"start":{"line":42,"column":22},"end":{"line":42,"column":70}},"5":{"start":{"line":44,"column":24},"end":{"line":64,"column":3}},"6":{"start":{"line":45,"column":4},"end":{"line":63,"column":6}},"7":{"start":{"line":49,"column":12},"end":{"line":57,"column":27}},"8":{"start":{"line":52,"column":29},"end":{"line":52,"column":59}},"9":{"start":{"line":66,"column":24},"end":{"line":85,"column":3}},"10":{"start":{"line":67,"column":4},"end":{"line":84,"column":6}},"11":{"start":{"line":87,"column":2},"end":{"line":106,"column":4}},"12":{"start":{"line":109,"column":0},"end":{"line":117,"column":2}},"13":{"start":{"line":119,"column":0},"end":{"line":123,"column":2}}},"fnMap":{"0":{"name":"(anonymous_0)","decl":{"start":{"line":30,"column":15},"end":{"line":30,"column":16}},"loc":{"start":{"line":37,"column":6},"end":{"line":107,"column":1}},"line":37},"1":{"name":"(anonymous_1)","decl":{"start":{"line":38,"column":24},"end":{"line":38,"column":25}},"loc":{"start":{"line":38,"column":38},"end":{"line":40,"column":3}},"line":38},"2":{"name":"(anonymous_2)","decl":{"start":{"line":44,"column":24},"end":{"line":44,"column":25}},"loc":{"start":{"line":44,"column":30},"end":{"line":64,"column":3}},"line":44},"3":{"name":"(anonymous_3)","decl":{"start":{"line":48,"column":24},"end":{"line":48,"column":25}},"loc":{"start":{"line":49,"column":12},"end":{"line":57,"column":27}},"line":49},"4":{"name":"(anonymous_4)","decl":{"start":{"line":52,"column":23},"end":{"line":52,"column":24}},"loc":{"start":{"line":52,"column":29},"end":{"line":52,"column":59}},"line":52},"5":{"name":"(anonymous_5)","decl":{"start":{"line":66,"column":24},"end":{"line":66,"column":25}},"loc":{"start":{"line":66,"column":30},"end":{"line":85,"column":3}},"line":66}},"branchMap":{"0":{"loc":{"start":{"line":42,"column":22},"end":{"line":42,"column":70}},"type":"cond-expr","locations":[{"start":{"line":42,"column":50},"end":{"line":42,"column":65}},{"start":{"line":42,"column":68},"end":{"line":42,"column":70}}],"line":42},"1":{"loc":{"start":{"line":42,"column":22},"end":{"line":42,"column":47}},"type":"binary-expr","locations":[{"start":{"line":42,"column":22},"end":{"line":42,"column":28}},{"start":{"line":42,"column":32},"end":{"line":42,"column":47}}],"line":42},"2":{"loc":{"start":{"line":101,"column":11},"end":{"line":101,"column":37}},"type":"binary-expr","locations":[{"start":{"line":101,"column":11},"end":{"line":101,"column":18}},{"start":{"line":101,"column":22},"end":{"line":101,"column":37}}],"line":101},"3":{"loc":{"start":{"line":102,"column":11},"end":{"line":102,"column":37}},"type":"binary-expr","locations":[{"start":{"line":102,"column":11},"end":{"line":102,"column":18}},{"start":{"line":102,"column":22},"end":{"line":102,"column":37}}],"line":102}},"s":{"0":2,"1":2,"2":4,"3":4,"4":4,"5":4,"6":3,"7":12,"8":4,"9":4,"10":3,"11":4,"12":2,"13":2},"f":{"0":4,"1":4,"2":3,"3":12,"4":4,"5":3},"b":{"0":[3,1],"1":[4,3],"2":[4,3],"3":[4,3]},"_coverageSchema":"1a1c01bbd47fc00a2c39e90264f33305004495a9","hash":"3a2cee9cfcb39e7ad708087eea82021c11f3dc5e"}
,"/Users/sflorez/Documents/condorlabs/repositories/test-news/src/components/Layout.js": {"path":"/Users/sflorez/Documents/condorlabs/repositories/test-news/src/components/Layout.js","statementMap":{"0":{"start":{"line":16,"column":15},"end":{"line":66,"column":1}},"1":{"start":{"line":24,"column":36},"end":{"line":24,"column":50}},"2":{"start":{"line":26,"column":16},"end":{"line":36,"column":3}},"3":{"start":{"line":39,"column":4},"end":{"line":39,"column":104}},"4":{"start":{"line":41,"column":2},"end":{"line":65,"column":4}},"5":{"start":{"line":58,"column":46},"end":{"line":58,"column":65}},"6":{"start":{"line":68,"column":0},"end":{"line":75,"column":2}},"7":{"start":{"line":77,"column":0},"end":{"line":81,"column":2}}},"fnMap":{"0":{"name":"(anonymous_0)","decl":{"start":{"line":16,"column":15},"end":{"line":16,"column":16}},"loc":{"start":{"line":23,"column":6},"end":{"line":66,"column":1}},"line":23},"1":{"name":"(anonymous_1)","decl":{"start":{"line":58,"column":40},"end":{"line":58,"column":41}},"loc":{"start":{"line":58,"column":46},"end":{"line":58,"column":65}},"line":58}},"branchMap":{"0":{"loc":{"start":{"line":43,"column":7},"end":{"line":47,"column":7}},"type":"binary-expr","locations":[{"start":{"line":43,"column":7},"end":{"line":43,"column":18}},{"start":{"line":44,"column":8},"end":{"line":46,"column":13}}],"line":43},"1":{"loc":{"start":{"line":45,"column":11},"end":{"line":45,"column":63}},"type":"cond-expr","locations":[{"start":{"line":45,"column":19},"end":{"line":45,"column":48}},{"start":{"line":45,"column":51},"end":{"line":45,"column":63}}],"line":45},"2":{"loc":{"start":{"line":49,"column":19},"end":{"line":49,"column":71}},"type":"cond-expr","locations":[{"start":{"line":49,"column":27},"end":{"line":49,"column":56}},{"start":{"line":49,"column":59},"end":{"line":49,"column":71}}],"line":49},"3":{"loc":{"start":{"line":56,"column":7},"end":{"line":62,"column":7}},"type":"binary-expr","locations":[{"start":{"line":56,"column":7},"end":{"line":56,"column":16}},{"start":{"line":57,"column":8},"end":{"line":61,"column":14}}],"line":56}},"s":{"0":1,"1":1,"2":1,"3":1,"4":1,"5":0,"6":1,"7":1},"f":{"0":1,"1":0},"b":{"0":[1,1],"1":[0,1],"2":[0,1],"3":[1,1]},"_coverageSchema":"1a1c01bbd47fc00a2c39e90264f33305004495a9","hash":"f6a4453d8f23f80bb6a08b4df618efc9e46693dc"}
,"/Users/sflorez/Documents/condorlabs/repositories/test-news/src/components/Seo.js": {"path":"/Users/sflorez/Documents/condorlabs/repositories/test-news/src/components/Seo.js","statementMap":{"0":{"start":{"line":14,"column":16},"end":{"line":26,"column":3}},"1":{"start":{"line":29,"column":4},"end":{"line":31,"column":26}},"2":{"start":{"line":33,"column":2},"end":{"line":77,"column":4}},"3":{"start":{"line":80,"column":0},"end":{"line":84,"column":2}},"4":{"start":{"line":86,"column":0},"end":{"line":91,"column":2}}},"fnMap":{"0":{"name":"SEO","decl":{"start":{"line":13,"column":9},"end":{"line":13,"column":12}},"loc":{"start":{"line":13,"column":49},"end":{"line":78,"column":1}},"line":13}},"branchMap":{"0":{"loc":{"start":{"line":29,"column":4},"end":{"line":31,"column":26}},"type":"cond-expr","locations":[{"start":{"line":30,"column":8},"end":{"line":30,"column":43}},{"start":{"line":31,"column":8},"end":{"line":31,"column":26}}],"line":29},"1":{"loc":{"start":{"line":29,"column":4},"end":{"line":29,"column":24}},"type":"binary-expr","locations":[{"start":{"line":29,"column":4},"end":{"line":29,"column":15}},{"start":{"line":29,"column":19},"end":{"line":29,"column":24}}],"line":29},"2":{"loc":{"start":{"line":40,"column":8},"end":{"line":40,"column":60}},"type":"cond-expr","locations":[{"start":{"line":40,"column":16},"end":{"line":40,"column":45}},{"start":{"line":40,"column":48},"end":{"line":40,"column":60}}],"line":40},"3":{"loc":{"start":{"line":65,"column":19},"end":{"line":65,"column":73}},"type":"cond-expr","locations":[{"start":{"line":65,"column":27},"end":{"line":65,"column":57}},{"start":{"line":65,"column":60},"end":{"line":65,"column":73}}],"line":65}},"s":{"0":1,"1":1,"2":1,"3":1,"4":1},"f":{"0":1},"b":{"0":[0,1],"1":[1,1],"2":[0,1],"3":[0,1]},"_coverageSchema":"1a1c01bbd47fc00a2c39e90264f33305004495a9","hash":"9a389a3906a2ebcec5efe27ed563afc7c277f088"}
,"/Users/sflorez/Documents/condorlabs/repositories/test-news/src/components/TextArea.js": {"path":"/Users/sflorez/Documents/condorlabs/repositories/test-news/src/components/TextArea.js","statementMap":{"0":{"start":{"line":4,"column":17},"end":{"line":42,"column":1}},"1":{"start":{"line":5,"column":28},"end":{"line":10,"column":3}},"2":{"start":{"line":12,"column":2},"end":{"line":41,"column":4}},"3":{"start":{"line":44,"column":0},"end":{"line":50,"column":2}},"4":{"start":{"line":52,"column":0},"end":{"line":54,"column":2}}},"fnMap":{"0":{"name":"(anonymous_0)","decl":{"start":{"line":4,"column":17},"end":{"line":4,"column":18}},"loc":{"start":{"line":4,"column":76},"end":{"line":42,"column":1}},"line":4}},"branchMap":{"0":{"loc":{"start":{"line":17,"column":8},"end":{"line":17,"column":35}},"type":"cond-expr","locations":[{"start":{"line":17,"column":23},"end":{"line":17,"column":30}},{"start":{"line":17,"column":33},"end":{"line":17,"column":35}}],"line":17},"1":{"loc":{"start":{"line":30,"column":14},"end":{"line":30,"column":47}},"type":"cond-expr","locations":[{"start":{"line":30,"column":29},"end":{"line":30,"column":42}},{"start":{"line":30,"column":45},"end":{"line":30,"column":47}}],"line":30}},"s":{"0":3,"1":47,"2":47,"3":3,"4":3},"f":{"0":47},"b":{"0":[2,45],"1":[2,45]},"_coverageSchema":"1a1c01bbd47fc00a2c39e90264f33305004495a9","hash":"5e2cb3b33a27261d710a53912648dd6cf3ee2d5b"}
,"/Users/sflorez/Documents/condorlabs/repositories/test-news/src/lib/request.js": {"path":"/Users/sflorez/Documents/condorlabs/repositories/test-news/src/lib/request.js","statementMap":{"0":{"start":{"line":3,"column":16},"end":{"line":15,"column":1}},"1":{"start":{"line":4,"column":17},"end":{"line":4,"column":20}},"2":{"start":{"line":6,"column":15},"end":{"line":12,"column":3}},"3":{"start":{"line":14,"column":2},"end":{"line":14,"column":37}}},"fnMap":{"0":{"name":"(anonymous_0)","decl":{"start":{"line":3,"column":16},"end":{"line":3,"column":17}},"loc":{"start":{"line":3,"column":49},"end":{"line":15,"column":1}},"line":3}},"branchMap":{"0":{"loc":{"start":{"line":3,"column":30},"end":{"line":3,"column":42}},"type":"default-arg","locations":[{"start":{"line":3,"column":40},"end":{"line":3,"column":42}}],"line":3}},"s":{"0":2,"1":1,"2":1,"3":1},"f":{"0":1},"b":{"0":[0]},"_coverageSchema":"1a1c01bbd47fc00a2c39e90264f33305004495a9","hash":"2f569a9d8d821b1a10f16c8cff08467b2d55c82f"}
,"/Users/sflorez/Documents/condorlabs/repositories/test-news/src/lib/useForm.js": {"path":"/Users/sflorez/Documents/condorlabs/repositories/test-news/src/lib/useForm.js","statementMap":{"0":{"start":{"line":4,"column":28},"end":{"line":4,"column":49}},"1":{"start":{"line":5,"column":32},"end":{"line":5,"column":46}},"2":{"start":{"line":6,"column":32},"end":{"line":6,"column":47}},"3":{"start":{"line":9,"column":2},"end":{"line":11,"column":9}},"4":{"start":{"line":10,"column":4},"end":{"line":10,"column":21}},"5":{"start":{"line":13,"column":24},"end":{"line":20,"column":3}},"6":{"start":{"line":14,"column":4},"end":{"line":18,"column":5}},"7":{"start":{"line":15,"column":6},"end":{"line":17,"column":7}},"8":{"start":{"line":16,"column":8},"end":{"line":16,"column":38}},"9":{"start":{"line":19,"column":4},"end":{"line":19,"column":17}},"10":{"start":{"line":26,"column":24},"end":{"line":51,"column":31}},"11":{"start":{"line":27,"column":28},"end":{"line":49,"column":6}},"12":{"start":{"line":28,"column":35},"end":{"line":28,"column":65}},"13":{"start":{"line":29,"column":25},"end":{"line":29,"column":41}},"14":{"start":{"line":30,"column":25},"end":{"line":30,"column":41}},"15":{"start":{"line":32,"column":6},"end":{"line":34,"column":7}},"16":{"start":{"line":33,"column":8},"end":{"line":33,"column":20}},"17":{"start":{"line":36,"column":6},"end":{"line":46,"column":7}},"18":{"start":{"line":40,"column":8},"end":{"line":45,"column":9}},"19":{"start":{"line":44,"column":10},"end":{"line":44,"column":22}},"20":{"start":{"line":48,"column":6},"end":{"line":48,"column":19}},"21":{"start":{"line":50,"column":4},"end":{"line":50,"column":27}},"22":{"start":{"line":54,"column":32},"end":{"line":83,"column":31}},"23":{"start":{"line":55,"column":17},"end":{"line":55,"column":18}},"24":{"start":{"line":56,"column":22},"end":{"line":56,"column":51}},"25":{"start":{"line":58,"column":4},"end":{"line":80,"column":5}},"26":{"start":{"line":58,"column":21},"end":{"line":58,"column":22}},"27":{"start":{"line":59,"column":18},"end":{"line":59,"column":36}},"28":{"start":{"line":60,"column":35},"end":{"line":60,"column":65}},"29":{"start":{"line":61,"column":25},"end":{"line":61,"column":41}},"30":{"start":{"line":62,"column":25},"end":{"line":62,"column":41}},"31":{"start":{"line":64,"column":21},"end":{"line":64,"column":23}},"32":{"start":{"line":66,"column":6},"end":{"line":68,"column":7}},"33":{"start":{"line":67,"column":8},"end":{"line":67,"column":45}},"34":{"start":{"line":70,"column":6},"end":{"line":72,"column":7}},"35":{"start":{"line":71,"column":8},"end":{"line":71,"column":57}},"36":{"start":{"line":73,"column":6},"end":{"line":79,"column":7}},"37":{"start":{"line":74,"column":8},"end":{"line":74,"column":17}},"38":{"start":{"line":75,"column":8},"end":{"line":78,"column":12}},"39":{"start":{"line":75,"column":33},"end":{"line":78,"column":9}},"40":{"start":{"line":82,"column":4},"end":{"line":82,"column":22}},"41":{"start":{"line":87,"column":2},"end":{"line":91,"column":38}},"42":{"start":{"line":88,"column":4},"end":{"line":90,"column":5}},"43":{"start":{"line":89,"column":6},"end":{"line":89,"column":34}},"44":{"start":{"line":94,"column":25},"end":{"line":120,"column":3}},"45":{"start":{"line":96,"column":6},"end":{"line":96,"column":23}},"46":{"start":{"line":98,"column":19},"end":{"line":98,"column":36}},"47":{"start":{"line":99,"column":19},"end":{"line":99,"column":36}},"48":{"start":{"line":101,"column":8},"end":{"line":101,"column":71}},"49":{"start":{"line":103,"column":18},"end":{"line":103,"column":20}},"50":{"start":{"line":104,"column":6},"end":{"line":108,"column":7}},"51":{"start":{"line":105,"column":8},"end":{"line":107,"column":9}},"52":{"start":{"line":106,"column":10},"end":{"line":106,"column":44}},"53":{"start":{"line":110,"column":6},"end":{"line":112,"column":7}},"54":{"start":{"line":111,"column":8},"end":{"line":111,"column":55}},"55":{"start":{"line":114,"column":6},"end":{"line":117,"column":10}},"56":{"start":{"line":114,"column":31},"end":{"line":117,"column":7}},"57":{"start":{"line":122,"column":25},"end":{"line":132,"column":3}},"58":{"start":{"line":124,"column":6},"end":{"line":124,"column":29}},"59":{"start":{"line":127,"column":6},"end":{"line":129,"column":7}},"60":{"start":{"line":128,"column":8},"end":{"line":128,"column":24}},"61":{"start":{"line":134,"column":2},"end":{"line":134,"column":60}}},"fnMap":{"0":{"name":"useForm","decl":{"start":{"line":3,"column":9},"end":{"line":3,"column":16}},"loc":{"start":{"line":3,"column":63},"end":{"line":135,"column":1}},"line":3},"1":{"name":"(anonymous_1)","decl":{"start":{"line":9,"column":12},"end":{"line":9,"column":13}},"loc":{"start":{"line":9,"column":18},"end":{"line":11,"column":3}},"line":9},"2":{"name":"(anonymous_2)","decl":{"start":{"line":13,"column":24},"end":{"line":13,"column":25}},"loc":{"start":{"line":13,"column":43},"end":{"line":20,"column":3}},"line":13},"3":{"name":"(anonymous_3)","decl":{"start":{"line":26,"column":36},"end":{"line":26,"column":37}},"loc":{"start":{"line":26,"column":42},"end":{"line":51,"column":3}},"line":26},"4":{"name":"(anonymous_4)","decl":{"start":{"line":27,"column":63},"end":{"line":27,"column":64}},"loc":{"start":{"line":27,"column":72},"end":{"line":49,"column":5}},"line":27},"5":{"name":"(anonymous_5)","decl":{"start":{"line":54,"column":44},"end":{"line":54,"column":45}},"loc":{"start":{"line":54,"column":50},"end":{"line":83,"column":3}},"line":54},"6":{"name":"(anonymous_6)","decl":{"start":{"line":75,"column":17},"end":{"line":75,"column":18}},"loc":{"start":{"line":75,"column":33},"end":{"line":78,"column":9}},"line":75},"7":{"name":"(anonymous_7)","decl":{"start":{"line":87,"column":12},"end":{"line":87,"column":13}},"loc":{"start":{"line":87,"column":18},"end":{"line":91,"column":3}},"line":87},"8":{"name":"(anonymous_8)","decl":{"start":{"line":95,"column":4},"end":{"line":95,"column":5}},"loc":{"start":{"line":95,"column":15},"end":{"line":118,"column":5}},"line":95},"9":{"name":"(anonymous_9)","decl":{"start":{"line":114,"column":15},"end":{"line":114,"column":16}},"loc":{"start":{"line":114,"column":31},"end":{"line":117,"column":7}},"line":114},"10":{"name":"(anonymous_10)","decl":{"start":{"line":123,"column":4},"end":{"line":123,"column":5}},"loc":{"start":{"line":123,"column":15},"end":{"line":130,"column":5}},"line":123}},"branchMap":{"0":{"loc":{"start":{"line":3,"column":30},"end":{"line":3,"column":51}},"type":"default-arg","locations":[{"start":{"line":3,"column":49},"end":{"line":3,"column":51}}],"line":3},"1":{"loc":{"start":{"line":14,"column":4},"end":{"line":18,"column":5}},"type":"if","locations":[{"start":{"line":14,"column":4},"end":{"line":18,"column":5}},{"start":{"line":14,"column":4},"end":{"line":18,"column":5}}],"line":14},"2":{"loc":{"start":{"line":14,"column":8},"end":{"line":14,"column":73}},"type":"binary-expr","locations":[{"start":{"line":14,"column":8},"end":{"line":14,"column":33}},{"start":{"line":14,"column":37},"end":{"line":14,"column":73}}],"line":14},"3":{"loc":{"start":{"line":15,"column":6},"end":{"line":17,"column":7}},"type":"if","locations":[{"start":{"line":15,"column":6},"end":{"line":17,"column":7}},{"start":{"line":15,"column":6},"end":{"line":17,"column":7}}],"line":15},"4":{"loc":{"start":{"line":15,"column":10},"end":{"line":15,"column":54}},"type":"binary-expr","locations":[{"start":{"line":15,"column":10},"end":{"line":15,"column":15}},{"start":{"line":15,"column":19},"end":{"line":15,"column":54}}],"line":15},"5":{"loc":{"start":{"line":32,"column":6},"end":{"line":34,"column":7}},"type":"if","locations":[{"start":{"line":32,"column":6},"end":{"line":34,"column":7}},{"start":{"line":32,"column":6},"end":{"line":34,"column":7}}],"line":32},"6":{"loc":{"start":{"line":32,"column":10},"end":{"line":32,"column":61}},"type":"binary-expr","locations":[{"start":{"line":32,"column":11},"end":{"line":32,"column":31}},{"start":{"line":32,"column":35},"end":{"line":32,"column":46}},{"start":{"line":32,"column":51},"end":{"line":32,"column":61}}],"line":32},"7":{"loc":{"start":{"line":36,"column":6},"end":{"line":46,"column":7}},"type":"if","locations":[{"start":{"line":36,"column":6},"end":{"line":46,"column":7}},{"start":{"line":36,"column":6},"end":{"line":46,"column":7}}],"line":36},"8":{"loc":{"start":{"line":37,"column":8},"end":{"line":38,"column":59}},"type":"binary-expr","locations":[{"start":{"line":37,"column":8},"end":{"line":37,"column":48}},{"start":{"line":38,"column":8},"end":{"line":38,"column":59}}],"line":37},"9":{"loc":{"start":{"line":40,"column":8},"end":{"line":45,"column":9}},"type":"if","locations":[{"start":{"line":40,"column":8},"end":{"line":45,"column":9}},{"start":{"line":40,"column":8},"end":{"line":45,"column":9}}],"line":40},"10":{"loc":{"start":{"line":41,"column":10},"end":{"line":42,"column":65}},"type":"binary-expr","locations":[{"start":{"line":41,"column":10},"end":{"line":41,"column":20}},{"start":{"line":42,"column":10},"end":{"line":42,"column":65}}],"line":41},"11":{"loc":{"start":{"line":66,"column":6},"end":{"line":68,"column":7}},"type":"if","locations":[{"start":{"line":66,"column":6},"end":{"line":68,"column":7}},{"start":{"line":66,"column":6},"end":{"line":68,"column":7}}],"line":66},"12":{"loc":{"start":{"line":66,"column":10},"end":{"line":66,"column":61}},"type":"binary-expr","locations":[{"start":{"line":66,"column":11},"end":{"line":66,"column":31}},{"start":{"line":66,"column":35},"end":{"line":66,"column":46}},{"start":{"line":66,"column":51},"end":{"line":66,"column":61}}],"line":66},"13":{"loc":{"start":{"line":70,"column":6},"end":{"line":72,"column":7}},"type":"if","locations":[{"start":{"line":70,"column":6},"end":{"line":72,"column":7}},{"start":{"line":70,"column":6},"end":{"line":72,"column":7}}],"line":70},"14":{"loc":{"start":{"line":73,"column":6},"end":{"line":79,"column":7}},"type":"if","locations":[{"start":{"line":73,"column":6},"end":{"line":79,"column":7}},{"start":{"line":73,"column":6},"end":{"line":79,"column":7}}],"line":73},"15":{"loc":{"start":{"line":88,"column":4},"end":{"line":90,"column":5}},"type":"if","locations":[{"start":{"line":88,"column":4},"end":{"line":90,"column":5}},{"start":{"line":88,"column":4},"end":{"line":90,"column":5}}],"line":88},"16":{"loc":{"start":{"line":101,"column":8},"end":{"line":101,"column":71}},"type":"cond-expr","locations":[{"start":{"line":101,"column":30},"end":{"line":101,"column":50}},{"start":{"line":101,"column":53},"end":{"line":101,"column":71}}],"line":101},"17":{"loc":{"start":{"line":104,"column":6},"end":{"line":108,"column":7}},"type":"if","locations":[{"start":{"line":104,"column":6},"end":{"line":108,"column":7}},{"start":{"line":104,"column":6},"end":{"line":108,"column":7}}],"line":104},"18":{"loc":{"start":{"line":105,"column":8},"end":{"line":107,"column":9}},"type":"if","locations":[{"start":{"line":105,"column":8},"end":{"line":107,"column":9}},{"start":{"line":105,"column":8},"end":{"line":107,"column":9}}],"line":105},"19":{"loc":{"start":{"line":110,"column":6},"end":{"line":112,"column":7}},"type":"if","locations":[{"start":{"line":110,"column":6},"end":{"line":112,"column":7}},{"start":{"line":110,"column":6},"end":{"line":112,"column":7}}],"line":110},"20":{"loc":{"start":{"line":127,"column":6},"end":{"line":129,"column":7}},"type":"if","locations":[{"start":{"line":127,"column":6},"end":{"line":129,"column":7}},{"start":{"line":127,"column":6},"end":{"line":129,"column":7}}],"line":127}},"s":{"0":55,"1":55,"2":55,"3":55,"4":15,"5":55,"6":90,"7":33,"8":4,"9":86,"10":55,"11":23,"12":78,"13":78,"14":78,"15":78,"16":21,"17":57,"18":16,"19":0,"20":57,"21":23,"22":55,"23":9,"24":9,"25":9,"26":9,"27":54,"28":54,"29":54,"30":54,"31":54,"32":54,"33":12,"34":54,"35":2,"36":54,"37":12,"38":12,"39":12,"40":9,"41":55,"42":39,"43":23,"44":55,"45":36,"46":36,"47":36,"48":36,"49":36,"50":36,"51":36,"52":1,"53":36,"54":2,"55":36,"56":36,"57":55,"58":9,"59":9,"60":1,"61":55},"f":{"0":55,"1":15,"2":90,"3":23,"4":78,"5":9,"6":12,"7":39,"8":36,"9":36,"10":9},"b":{"0":[0],"1":[33,57],"2":[90,90],"3":[4,29],"4":[33,28],"5":[21,57],"6":[78,76,63],"7":[16,41],"8":[57,57],"9":[0,16],"10":[16,16],"11":[12,42],"12":[54,45,44],"13":[2,52],"14":[12,42],"15":[23,16],"16":[0,36],"17":[36,0],"18":[1,35],"19":[2,34],"20":[1,8]},"_coverageSchema":"1a1c01bbd47fc00a2c39e90264f33305004495a9","hash":"c156dbe7b8a7f840ea726f60d04442b916ce7bb4"}
,"/Users/sflorez/Documents/condorlabs/repositories/test-news/src/lib/utils.js": {"path":"/Users/sflorez/Documents/condorlabs/repositories/test-news/src/lib/utils.js","statementMap":{"0":{"start":{"line":2,"column":15},"end":{"line":2,"column":17}},"1":{"start":{"line":3,"column":14},"end":{"line":3,"column":30}},"2":{"start":{"line":4,"column":13},"end":{"line":4,"column":29}},"3":{"start":{"line":5,"column":2},"end":{"line":8,"column":3}},"4":{"start":{"line":5,"column":15},"end":{"line":5,"column":16}},"5":{"start":{"line":6,"column":15},"end":{"line":6,"column":33}},"6":{"start":{"line":7,"column":4},"end":{"line":7,"column":50}},"7":{"start":{"line":9,"column":2},"end":{"line":9,"column":16}}},"fnMap":{"0":{"name":"getParams","decl":{"start":{"line":1,"column":16},"end":{"line":1,"column":25}},"loc":{"start":{"line":1,"column":31},"end":{"line":10,"column":1}},"line":1}},"branchMap":{},"s":{"0":2,"1":2,"2":2,"3":2,"4":2,"5":2,"6":2,"7":2},"f":{"0":2},"b":{},"_coverageSchema":"1a1c01bbd47fc00a2c39e90264f33305004495a9","hash":"43cfd748772006476d42084f2e32a5e94583c0ef"}
,"/Users/sflorez/Documents/condorlabs/repositories/test-news/src/pages/index.js": {"path":"/Users/sflorez/Documents/condorlabs/repositories/test-news/src/pages/index.js","statementMap":{"0":{"start":{"line":21,"column":25},"end":{"line":136,"column":1}},"1":{"start":{"line":29,"column":36},"end":{"line":29,"column":51}},"2":{"start":{"line":30,"column":42},"end":{"line":30,"column":54}},"3":{"start":{"line":31,"column":28},"end":{"line":34,"column":4}},"4":{"start":{"line":35,"column":17},"end":{"line":35,"column":43}},"5":{"start":{"line":38,"column":4},"end":{"line":40,"column":32}},"6":{"start":{"line":42,"column":26},"end":{"line":45,"column":3}},"7":{"start":{"line":43,"column":4},"end":{"line":43,"column":29}},"8":{"start":{"line":44,"column":4},"end":{"line":44,"column":23}},"9":{"start":{"line":47,"column":25},"end":{"line":51,"column":3}},"10":{"start":{"line":48,"column":4},"end":{"line":48,"column":64}},"11":{"start":{"line":49,"column":22},"end":{"line":49,"column":27}},"12":{"start":{"line":50,"column":4},"end":{"line":50,"column":57}},"13":{"start":{"line":53,"column":25},"end":{"line":60,"column":3}},"14":{"start":{"line":54,"column":22},"end":{"line":54,"column":27}},"15":{"start":{"line":55,"column":4},"end":{"line":59,"column":5}},"16":{"start":{"line":56,"column":6},"end":{"line":56,"column":42}},"17":{"start":{"line":57,"column":6},"end":{"line":57,"column":80}},"18":{"start":{"line":58,"column":6},"end":{"line":58,"column":63}},"19":{"start":{"line":62,"column":2},"end":{"line":64,"column":3}},"20":{"start":{"line":63,"column":4},"end":{"line":63,"column":25}},"21":{"start":{"line":66,"column":2},"end":{"line":135,"column":4}},"22":{"start":{"line":91,"column":27},"end":{"line":91,"column":48}},"23":{"start":{"line":104,"column":10},"end":{"line":104,"column":23}},"24":{"start":{"line":112,"column":10},"end":{"line":112,"column":30}},"25":{"start":{"line":125,"column":14},"end":{"line":125,"column":34}},"26":{"start":{"line":138,"column":0},"end":{"line":148,"column":2}},"27":{"start":{"line":150,"column":34},"end":{"line":156,"column":1}},"28":{"start":{"line":151,"column":18},"end":{"line":151,"column":61}},"29":{"start":{"line":152,"column":2},"end":{"line":155,"column":4}},"30":{"start":{"line":158,"column":31},"end":{"line":162,"column":2}},"31":{"start":{"line":158,"column":43},"end":{"line":162,"column":1}}},"fnMap":{"0":{"name":"(anonymous_0)","decl":{"start":{"line":21,"column":25},"end":{"line":21,"column":26}},"loc":{"start":{"line":28,"column":6},"end":{"line":136,"column":1}},"line":28},"1":{"name":"(anonymous_1)","decl":{"start":{"line":42,"column":26},"end":{"line":42,"column":27}},"loc":{"start":{"line":42,"column":39},"end":{"line":45,"column":3}},"line":42},"2":{"name":"(anonymous_2)","decl":{"start":{"line":47,"column":25},"end":{"line":47,"column":26}},"loc":{"start":{"line":47,"column":37},"end":{"line":51,"column":3}},"line":47},"3":{"name":"(anonymous_3)","decl":{"start":{"line":53,"column":25},"end":{"line":53,"column":26}},"loc":{"start":{"line":53,"column":41},"end":{"line":60,"column":3}},"line":53},"4":{"name":"(anonymous_4)","decl":{"start":{"line":91,"column":21},"end":{"line":91,"column":22}},"loc":{"start":{"line":91,"column":27},"end":{"line":91,"column":48}},"line":91},"5":{"name":"(anonymous_5)","decl":{"start":{"line":103,"column":22},"end":{"line":103,"column":23}},"loc":{"start":{"line":103,"column":28},"end":{"line":105,"column":9}},"line":103},"6":{"name":"(anonymous_6)","decl":{"start":{"line":111,"column":16},"end":{"line":111,"column":17}},"loc":{"start":{"line":111,"column":22},"end":{"line":113,"column":9}},"line":111},"7":{"name":"(anonymous_7)","decl":{"start":{"line":124,"column":21},"end":{"line":124,"column":22}},"loc":{"start":{"line":124,"column":27},"end":{"line":126,"column":13}},"line":124},"8":{"name":"(anonymous_8)","decl":{"start":{"line":150,"column":34},"end":{"line":150,"column":35}},"loc":{"start":{"line":150,"column":48},"end":{"line":156,"column":1}},"line":150},"9":{"name":"(anonymous_9)","decl":{"start":{"line":158,"column":31},"end":{"line":158,"column":32}},"loc":{"start":{"line":158,"column":43},"end":{"line":162,"column":1}},"line":158}},"branchMap":{"0":{"loc":{"start":{"line":26,"column":2},"end":{"line":26,"column":16}},"type":"default-arg","locations":[{"start":{"line":26,"column":12},"end":{"line":26,"column":16}}],"line":26},"1":{"loc":{"start":{"line":27,"column":2},"end":{"line":27,"column":16}},"type":"default-arg","locations":[{"start":{"line":27,"column":12},"end":{"line":27,"column":16}}],"line":27},"2":{"loc":{"start":{"line":55,"column":4},"end":{"line":59,"column":5}},"type":"if","locations":[{"start":{"line":55,"column":4},"end":{"line":59,"column":5}},{"start":{"line":55,"column":4},"end":{"line":59,"column":5}}],"line":55},"3":{"loc":{"start":{"line":62,"column":2},"end":{"line":64,"column":3}},"type":"if","locations":[{"start":{"line":62,"column":2},"end":{"line":64,"column":3}},{"start":{"line":62,"column":2},"end":{"line":64,"column":3}}],"line":62}},"s":{"0":1,"1":2,"2":2,"3":2,"4":2,"5":2,"6":2,"7":0,"8":0,"9":2,"10":1,"11":1,"12":1,"13":2,"14":0,"15":0,"16":0,"17":0,"18":0,"19":2,"20":1,"21":2,"22":0,"23":0,"24":0,"25":0,"26":1,"27":1,"28":1,"29":1,"30":1,"31":1},"f":{"0":2,"1":0,"2":1,"3":0,"4":0,"5":0,"6":0,"7":0,"8":1,"9":1},"b":{"0":[0],"1":[0],"2":[0,0],"3":[1,1]},"_coverageSchema":"1a1c01bbd47fc00a2c39e90264f33305004495a9","hash":"991564852e406569bb791d1bd483c8020389cf70"}
,"/Users/sflorez/Documents/condorlabs/repositories/test-news/src/state/actions.js": {"path":"/Users/sflorez/Documents/condorlabs/repositories/test-news/src/state/actions.js","statementMap":{"0":{"start":{"line":12,"column":22},"end":{"line":12,"column":60}},"1":{"start":{"line":13,"column":19},"end":{"line":15,"column":61}},"2":{"start":{"line":17,"column":32},"end":{"line":20,"column":2}},"3":{"start":{"line":17,"column":47},"end":{"line":20,"column":1}},"4":{"start":{"line":22,"column":36},"end":{"line":25,"column":2}},"5":{"start":{"line":22,"column":51},"end":{"line":25,"column":1}},"6":{"start":{"line":27,"column":30},"end":{"line":30,"column":2}},"7":{"start":{"line":27,"column":42},"end":{"line":30,"column":1}},"8":{"start":{"line":33,"column":2},"end":{"line":76,"column":4}},"9":{"start":{"line":34,"column":4},"end":{"line":36,"column":5}},"10":{"start":{"line":35,"column":6},"end":{"line":35,"column":37}},"11":{"start":{"line":38,"column":17},"end":{"line":48,"column":5}},"12":{"start":{"line":50,"column":4},"end":{"line":75,"column":9}},"13":{"start":{"line":53,"column":8},"end":{"line":64,"column":9}},"14":{"start":{"line":59,"column":10},"end":{"line":63,"column":11}},"15":{"start":{"line":60,"column":12},"end":{"line":62,"column":76}},"16":{"start":{"line":61,"column":14},"end":{"line":61,"column":77}},"17":{"start":{"line":62,"column":17},"end":{"line":62,"column":76}},"18":{"start":{"line":65,"column":8},"end":{"line":65,"column":24}},"19":{"start":{"line":69,"column":8},"end":{"line":69,"column":27}},"20":{"start":{"line":70,"column":8},"end":{"line":73,"column":9}},"21":{"start":{"line":71,"column":10},"end":{"line":71,"column":42}},"22":{"start":{"line":72,"column":10},"end":{"line":72,"column":23}},"23":{"start":{"line":74,"column":8},"end":{"line":74,"column":21}}},"fnMap":{"0":{"name":"(anonymous_0)","decl":{"start":{"line":17,"column":32},"end":{"line":17,"column":33}},"loc":{"start":{"line":17,"column":47},"end":{"line":20,"column":1}},"line":17},"1":{"name":"(anonymous_1)","decl":{"start":{"line":22,"column":36},"end":{"line":22,"column":37}},"loc":{"start":{"line":22,"column":51},"end":{"line":25,"column":1}},"line":22},"2":{"name":"(anonymous_2)","decl":{"start":{"line":27,"column":30},"end":{"line":27,"column":31}},"loc":{"start":{"line":27,"column":42},"end":{"line":30,"column":1}},"line":27},"3":{"name":"loadNews","decl":{"start":{"line":32,"column":16},"end":{"line":32,"column":24}},"loc":{"start":{"line":32,"column":54},"end":{"line":77,"column":1}},"line":32},"4":{"name":"(anonymous_4)","decl":{"start":{"line":33,"column":9},"end":{"line":33,"column":10}},"loc":{"start":{"line":33,"column":37},"end":{"line":76,"column":3}},"line":33},"5":{"name":"(anonymous_5)","decl":{"start":{"line":51,"column":12},"end":{"line":51,"column":13}},"loc":{"start":{"line":51,"column":26},"end":{"line":66,"column":7}},"line":51},"6":{"name":"(anonymous_6)","decl":{"start":{"line":67,"column":13},"end":{"line":67,"column":14}},"loc":{"start":{"line":67,"column":24},"end":{"line":75,"column":7}},"line":67}},"branchMap":{"0":{"loc":{"start":{"line":14,"column":2},"end":{"line":14,"column":59}},"type":"cond-expr","locations":[{"start":{"line":14,"column":43},"end":{"line":14,"column":49}},{"start":{"line":14,"column":52},"end":{"line":14,"column":59}}],"line":14},"1":{"loc":{"start":{"line":32,"column":36},"end":{"line":32,"column":50}},"type":"default-arg","locations":[{"start":{"line":32,"column":45},"end":{"line":32,"column":50}}],"line":32},"2":{"loc":{"start":{"line":33,"column":16},"end":{"line":33,"column":32}},"type":"default-arg","locations":[{"start":{"line":33,"column":27},"end":{"line":33,"column":32}}],"line":33},"3":{"loc":{"start":{"line":34,"column":4},"end":{"line":36,"column":5}},"type":"if","locations":[{"start":{"line":34,"column":4},"end":{"line":36,"column":5}},{"start":{"line":34,"column":4},"end":{"line":36,"column":5}}],"line":34},"4":{"loc":{"start":{"line":53,"column":8},"end":{"line":64,"column":9}},"type":"if","locations":[{"start":{"line":53,"column":8},"end":{"line":64,"column":9}},{"start":{"line":53,"column":8},"end":{"line":64,"column":9}}],"line":53},"5":{"loc":{"start":{"line":54,"column":10},"end":{"line":57,"column":55}},"type":"binary-expr","locations":[{"start":{"line":54,"column":10},"end":{"line":54,"column":23}},{"start":{"line":55,"column":10},"end":{"line":55,"column":32}},{"start":{"line":56,"column":10},"end":{"line":56,"column":32}},{"start":{"line":57,"column":10},"end":{"line":57,"column":55}}],"line":54},"6":{"loc":{"start":{"line":59,"column":10},"end":{"line":63,"column":11}},"type":"if","locations":[{"start":{"line":59,"column":10},"end":{"line":63,"column":11}},{"start":{"line":59,"column":10},"end":{"line":63,"column":11}}],"line":59},"7":{"loc":{"start":{"line":60,"column":12},"end":{"line":62,"column":76}},"type":"if","locations":[{"start":{"line":60,"column":12},"end":{"line":62,"column":76}},{"start":{"line":60,"column":12},"end":{"line":62,"column":76}}],"line":60},"8":{"loc":{"start":{"line":70,"column":8},"end":{"line":73,"column":9}},"type":"if","locations":[{"start":{"line":70,"column":8},"end":{"line":73,"column":9}},{"start":{"line":70,"column":8},"end":{"line":73,"column":9}}],"line":70}},"s":{"0":2,"1":2,"2":2,"3":0,"4":2,"5":0,"6":2,"7":0,"8":2,"9":1,"10":0,"11":1,"12":1,"13":1,"14":1,"15":0,"16":0,"17":0,"18":1,"19":0,"20":0,"21":0,"22":0,"23":0},"f":{"0":0,"1":0,"2":0,"3":2,"4":1,"5":1,"6":0},"b":{"0":[0,2],"1":[0],"2":[1],"3":[0,1],"4":[1,0],"5":[1,1,1,1],"6":[0,1],"7":[0,0],"8":[0,0]},"_coverageSchema":"1a1c01bbd47fc00a2c39e90264f33305004495a9","hash":"3bea7e707db952d27f728f7780eb2c31c65568b7"}
,"/Users/sflorez/Documents/condorlabs/repositories/test-news/src/state/contants.js": {"path":"/Users/sflorez/Documents/condorlabs/repositories/test-news/src/state/contants.js","statementMap":{"0":{"start":{"line":1,"column":31},"end":{"line":1,"column":64}},"1":{"start":{"line":2,"column":26},"end":{"line":2,"column":54}},"2":{"start":{"line":3,"column":34},"end":{"line":3,"column":70}},"3":{"start":{"line":4,"column":31},"end":{"line":4,"column":64}},"4":{"start":{"line":5,"column":34},"end":{"line":5,"column":70}}},"fnMap":{},"branchMap":{},"s":{"0":2,"1":2,"2":2,"3":2,"4":2},"f":{},"b":{},"_coverageSchema":"1a1c01bbd47fc00a2c39e90264f33305004495a9","hash":"7e78ec53936a22f526d8fb29f24616d4cb5c88fa"}
}
