{"/Users/sflorez/Documents/condorlabs/repositories/test-news/src/components/ArticleItem.js": {"path":"/Users/sflorez/Documents/condorlabs/repositories/test-news/src/components/ArticleItem.js","statementMap":{"0":{"start":{"line":6,"column":20},"end":{"line":25,"column":1}},"1":{"start":{"line":7,"column":2},"end":{"line":24,"column":4}},"2":{"start":{"line":27,"column":0},"end":{"line":32,"column":2}}},"fnMap":{"0":{"name":"(anonymous_0)","decl":{"start":{"line":6,"column":20},"end":{"line":6,"column":21}},"loc":{"start":{"line":6,"column":53},"end":{"line":25,"column":1}},"line":6}},"branchMap":{"0":{"loc":{"start":{"line":17,"column":15},"end":{"line":17,"column":39}},"type":"binary-expr","locations":[{"start":{"line":17,"column":15},"end":{"line":17,"column":20}},{"start":{"line":17,"column":24},"end":{"line":17,"column":39}}],"line":17}},"s":{"0":3,"1":88,"2":3},"f":{"0":88},"b":{"0":[88,2]},"_coverageSchema":"1a1c01bbd47fc00a2c39e90264f33305004495a9","hash":"8b09ab2cfdadea3829c5be42495f9342e6c28791"}
,"/Users/sflorez/Documents/condorlabs/repositories/test-news/src/components/ArticlesList.js": {"path":"/Users/sflorez/Documents/condorlabs/repositories/test-news/src/components/ArticlesList.js","statementMap":{"0":{"start":{"line":7,"column":21},"end":{"line":28,"column":1}},"1":{"start":{"line":8,"column":22},"end":{"line":8,"column":61}},"2":{"start":{"line":9,"column":2},"end":{"line":27,"column":4}},"3":{"start":{"line":12,"column":8},"end":{"line":24,"column":14}},"4":{"start":{"line":30,"column":0},"end":{"line":32,"column":2}},"5":{"start":{"line":34,"column":0},"end":{"line":36,"column":2}}},"fnMap":{"0":{"name":"(anonymous_0)","decl":{"start":{"line":7,"column":21},"end":{"line":7,"column":22}},"loc":{"start":{"line":7,"column":39},"end":{"line":28,"column":1}},"line":7},"1":{"name":"(anonymous_1)","decl":{"start":{"line":11,"column":25},"end":{"line":11,"column":26}},"loc":{"start":{"line":12,"column":8},"end":{"line":24,"column":14}},"line":12}},"branchMap":{"0":{"loc":{"start":{"line":8,"column":22},"end":{"line":8,"column":61}},"type":"cond-expr","locations":[{"start":{"line":8,"column":48},"end":{"line":8,"column":56}},{"start":{"line":8,"column":59},"end":{"line":8,"column":61}}],"line":8}},"s":{"0":2,"1":41,"2":41,"3":84,"4":2,"5":2},"f":{"0":41,"1":84},"b":{"0":[40,1]},"_coverageSchema":"1a1c01bbd47fc00a2c39e90264f33305004495a9","hash":"4eb42d5a9f487e58e1637474560b0a2a24861ca9"}
,"/Users/sflorez/Documents/condorlabs/repositories/test-news/src/components/Banner.js": {"path":"/Users/sflorez/Documents/condorlabs/repositories/test-news/src/components/Banner.js","statementMap":{"0":{"start":{"line":9,"column":15},"end":{"line":38,"column":1}},"1":{"start":{"line":16,"column":2},"end":{"line":37,"column":4}},"2":{"start":{"line":40,"column":0},"end":{"line":46,"column":2}},"3":{"start":{"line":48,"column":0},"end":{"line":56,"column":2}},"4":{"start":{"line":54,"column":4},"end":{"line":54,"column":17}}},"fnMap":{"0":{"name":"(anonymous_0)","decl":{"start":{"line":9,"column":15},"end":{"line":9,"column":16}},"loc":{"start":{"line":15,"column":6},"end":{"line":38,"column":1}},"line":15},"1":{"name":"(anonymous_1)","decl":{"start":{"line":53,"column":16},"end":{"line":53,"column":17}},"loc":{"start":{"line":53,"column":22},"end":{"line":55,"column":3}},"line":53}},"branchMap":{},"s":{"0":2,"1":41,"2":2,"3":2,"4":1},"f":{"0":41,"1":1},"b":{},"_coverageSchema":"1a1c01bbd47fc00a2c39e90264f33305004495a9","hash":"2806fdadafa5e41b3064afc816181f815ab3d4b0"}
,"/Users/sflorez/Documents/condorlabs/repositories/test-news/src/components/ContactForm.js": {"path":"/Users/sflorez/Documents/condorlabs/repositories/test-news/src/components/ContactForm.js","statementMap":{"0":{"start":{"line":14,"column":20},"end":{"line":161,"column":1}},"1":{"start":{"line":15,"column":22},"end":{"line":22,"column":3}},"2":{"start":{"line":24,"column":32},"end":{"line":51,"column":3}},"3":{"start":{"line":53,"column":23},"end":{"line":65,"column":3}},"4":{"start":{"line":54,"column":19},"end":{"line":61,"column":5}},"5":{"start":{"line":62,"column":4},"end":{"line":62,"column":49}},"6":{"start":{"line":64,"column":4},"end":{"line":64,"column":16}},"7":{"start":{"line":67,"column":52},"end":{"line":71,"column":3}},"8":{"start":{"line":73,"column":2},"end":{"line":160,"column":4}},"9":{"start":{"line":163,"column":0},"end":{"line":166,"column":2}},"10":{"start":{"line":168,"column":0},"end":{"line":170,"column":2}}},"fnMap":{"0":{"name":"(anonymous_0)","decl":{"start":{"line":14,"column":20},"end":{"line":14,"column":21}},"loc":{"start":{"line":14,"column":48},"end":{"line":161,"column":1}},"line":14},"1":{"name":"(anonymous_1)","decl":{"start":{"line":53,"column":23},"end":{"line":53,"column":24}},"loc":{"start":{"line":53,"column":34},"end":{"line":65,"column":3}},"line":53}},"branchMap":{},"s":{"0":2,"1":71,"2":71,"3":71,"4":4,"5":4,"6":4,"7":71,"8":71,"9":2,"10":2},"f":{"0":71,"1":4},"b":{},"_coverageSchema":"1a1c01bbd47fc00a2c39e90264f33305004495a9","hash":"37a0e063f5019b8484273c38df8fa6e20d315c17"}
,"/Users/sflorez/Documents/condorlabs/repositories/test-news/src/components/Header.js": {"path":"/Users/sflorez/Documents/condorlabs/repositories/test-news/src/components/Header.js","statementMap":{"0":{"start":{"line":11,"column":24},"end":{"line":28,"column":1}},"1":{"start":{"line":30,"column":15},"end":{"line":107,"column":1}},"2":{"start":{"line":38,"column":24},"end":{"line":40,"column":3}},"3":{"start":{"line":39,"column":4},"end":{"line":39,"column":25}},"4":{"start":{"line":42,"column":22},"end":{"line":42,"column":70}},"5":{"start":{"line":44,"column":24},"end":{"line":64,"column":3}},"6":{"start":{"line":45,"column":4},"end":{"line":63,"column":6}},"7":{"start":{"line":49,"column":12},"end":{"line":57,"column":27}},"8":{"start":{"line":52,"column":29},"end":{"line":52,"column":59}},"9":{"start":{"line":66,"column":24},"end":{"line":85,"column":3}},"10":{"start":{"line":67,"column":4},"end":{"line":84,"column":6}},"11":{"start":{"line":87,"column":2},"end":{"line":106,"column":4}},"12":{"start":{"line":109,"column":0},"end":{"line":117,"column":2}},"13":{"start":{"line":119,"column":0},"end":{"line":123,"column":2}}},"fnMap":{"0":{"name":"(anonymous_0)","decl":{"start":{"line":30,"column":15},"end":{"line":30,"column":16}},"loc":{"start":{"line":37,"column":6},"end":{"line":107,"column":1}},"line":37},"1":{"name":"(anonymous_1)","decl":{"start":{"line":38,"column":24},"end":{"line":38,"column":25}},"loc":{"start":{"line":38,"column":38},"end":{"line":40,"column":3}},"line":38},"2":{"name":"(anonymous_2)","decl":{"start":{"line":44,"column":24},"end":{"line":44,"column":25}},"loc":{"start":{"line":44,"column":30},"end":{"line":64,"column":3}},"line":44},"3":{"name":"(anonymous_3)","decl":{"start":{"line":48,"column":24},"end":{"line":48,"column":25}},"loc":{"start":{"line":49,"column":12},"end":{"line":57,"column":27}},"line":49},"4":{"name":"(anonymous_4)","decl":{"start":{"line":52,"column":23},"end":{"line":52,"column":24}},"loc":{"start":{"line":52,"column":29},"end":{"line":52,"column":59}},"line":52},"5":{"name":"(anonymous_5)","decl":{"start":{"line":66,"column":24},"end":{"line":66,"column":25}},"loc":{"start":{"line":66,"column":30},"end":{"line":85,"column":3}},"line":66}},"branchMap":{"0":{"loc":{"start":{"line":42,"column":22},"end":{"line":42,"column":70}},"type":"cond-expr","locations":[{"start":{"line":42,"column":50},"end":{"line":42,"column":65}},{"start":{"line":42,"column":68},"end":{"line":42,"column":70}}],"line":42},"1":{"loc":{"start":{"line":42,"column":22},"end":{"line":42,"column":47}},"type":"binary-expr","locations":[{"start":{"line":42,"column":22},"end":{"line":42,"column":28}},{"start":{"line":42,"column":32},"end":{"line":42,"column":47}}],"line":42},"2":{"loc":{"start":{"line":101,"column":11},"end":{"line":101,"column":37}},"type":"binary-expr","locations":[{"start":{"line":101,"column":11},"end":{"line":101,"column":18}},{"start":{"line":101,"column":22},"end":{"line":101,"column":37}}],"line":101},"3":{"loc":{"start":{"line":102,"column":11},"end":{"line":102,"column":37}},"type":"binary-expr","locations":[{"start":{"line":102,"column":11},"end":{"line":102,"column":18}},{"start":{"line":102,"column":22},"end":{"line":102,"column":37}}],"line":102}},"s":{"0":3,"1":3,"2":44,"3":10,"4":44,"5":44,"6":16,"7":64,"8":10,"9":44,"10":16,"11":44,"12":3,"13":3},"f":{"0":44,"1":10,"2":16,"3":64,"4":10,"5":16},"b":{"0":[39,5],"1":[44,39],"2":[44,16],"3":[44,16]},"_coverageSchema":"1a1c01bbd47fc00a2c39e90264f33305004495a9","hash":"3a2cee9cfcb39e7ad708087eea82021c11f3dc5e"}
,"/Users/sflorez/Documents/condorlabs/repositories/test-news/src/components/Layout.js": {"path":"/Users/sflorez/Documents/condorlabs/repositories/test-news/src/components/Layout.js","statementMap":{"0":{"start":{"line":16,"column":26},"end":{"line":53,"column":1}},"1":{"start":{"line":25,"column":36},"end":{"line":25,"column":50}},"2":{"start":{"line":27,"column":16},"end":{"line":27,"column":79}},"3":{"start":{"line":30,"column":4},"end":{"line":30,"column":104}},"4":{"start":{"line":32,"column":2},"end":{"line":52,"column":4}},"5":{"start":{"line":45,"column":46},"end":{"line":45,"column":65}},"6":{"start":{"line":55,"column":0},"end":{"line":63,"column":2}},"7":{"start":{"line":65,"column":0},"end":{"line":70,"column":2}},"8":{"start":{"line":72,"column":22},"end":{"line":83,"column":1}},"9":{"start":{"line":73,"column":15},"end":{"line":81,"column":4}},"10":{"start":{"line":82,"column":2},"end":{"line":82,"column":58}}},"fnMap":{"0":{"name":"(anonymous_0)","decl":{"start":{"line":16,"column":26},"end":{"line":16,"column":27}},"loc":{"start":{"line":24,"column":6},"end":{"line":53,"column":1}},"line":24},"1":{"name":"(anonymous_1)","decl":{"start":{"line":45,"column":40},"end":{"line":45,"column":41}},"loc":{"start":{"line":45,"column":46},"end":{"line":45,"column":65}},"line":45},"2":{"name":"(anonymous_2)","decl":{"start":{"line":72,"column":22},"end":{"line":72,"column":23}},"loc":{"start":{"line":72,"column":33},"end":{"line":83,"column":1}},"line":72}},"branchMap":{"0":{"loc":{"start":{"line":27,"column":16},"end":{"line":27,"column":79}},"type":"cond-expr","locations":[{"start":{"line":27,"column":36},"end":{"line":27,"column":64}},{"start":{"line":27,"column":67},"end":{"line":27,"column":79}}],"line":27},"1":{"loc":{"start":{"line":27,"column":16},"end":{"line":27,"column":33}},"type":"binary-expr","locations":[{"start":{"line":27,"column":16},"end":{"line":27,"column":20}},{"start":{"line":27,"column":24},"end":{"line":27,"column":33}}],"line":27},"2":{"loc":{"start":{"line":34,"column":7},"end":{"line":34,"column":63}},"type":"binary-expr","locations":[{"start":{"line":34,"column":7},"end":{"line":34,"column":18}},{"start":{"line":34,"column":22},"end":{"line":34,"column":63}}],"line":34},"3":{"loc":{"start":{"line":43,"column":7},"end":{"line":49,"column":7}},"type":"binary-expr","locations":[{"start":{"line":43,"column":7},"end":{"line":43,"column":16}},{"start":{"line":44,"column":8},"end":{"line":48,"column":14}}],"line":43}},"s":{"0":2,"1":41,"2":41,"3":41,"4":41,"5":1,"6":2,"7":2,"8":2,"9":37,"10":37},"f":{"0":41,"1":1,"2":37},"b":{"0":[2,39],"1":[41,41],"2":[41,40],"3":[41,40]},"_coverageSchema":"1a1c01bbd47fc00a2c39e90264f33305004495a9","hash":"0e944f88ef7d4b1cfe1e4d9ccfab974d638480ec"}
,"/Users/sflorez/Documents/condorlabs/repositories/test-news/src/components/Seo.js": {"path":"/Users/sflorez/Documents/condorlabs/repositories/test-news/src/components/Seo.js","statementMap":{"0":{"start":{"line":13,"column":23},"end":{"line":68,"column":1}},"1":{"start":{"line":15,"column":4},"end":{"line":17,"column":26}},"2":{"start":{"line":20,"column":4},"end":{"line":20,"column":67}},"3":{"start":{"line":23,"column":4},"end":{"line":23,"column":68}},"4":{"start":{"line":25,"column":2},"end":{"line":67,"column":4}},"5":{"start":{"line":70,"column":0},"end":{"line":74,"column":2}},"6":{"start":{"line":76,"column":0},"end":{"line":82,"column":2}},"7":{"start":{"line":84,"column":19},"end":{"line":95,"column":1}},"8":{"start":{"line":85,"column":15},"end":{"line":93,"column":4}},"9":{"start":{"line":94,"column":2},"end":{"line":94,"column":52}}},"fnMap":{"0":{"name":"(anonymous_0)","decl":{"start":{"line":13,"column":23},"end":{"line":13,"column":24}},"loc":{"start":{"line":13,"column":69},"end":{"line":68,"column":1}},"line":13},"1":{"name":"(anonymous_1)","decl":{"start":{"line":84,"column":19},"end":{"line":84,"column":20}},"loc":{"start":{"line":84,"column":30},"end":{"line":95,"column":1}},"line":84}},"branchMap":{"0":{"loc":{"start":{"line":15,"column":4},"end":{"line":17,"column":26}},"type":"cond-expr","locations":[{"start":{"line":16,"column":8},"end":{"line":16,"column":42}},{"start":{"line":17,"column":8},"end":{"line":17,"column":26}}],"line":15},"1":{"loc":{"start":{"line":15,"column":4},"end":{"line":15,"column":38}},"type":"binary-expr","locations":[{"start":{"line":15,"column":4},"end":{"line":15,"column":15}},{"start":{"line":15,"column":20},"end":{"line":15,"column":24}},{"start":{"line":15,"column":28},"end":{"line":15,"column":37}}],"line":15},"2":{"loc":{"start":{"line":20,"column":4},"end":{"line":20,"column":67}},"type":"cond-expr","locations":[{"start":{"line":20,"column":24},"end":{"line":20,"column":52}},{"start":{"line":20,"column":55},"end":{"line":20,"column":67}}],"line":20},"3":{"loc":{"start":{"line":20,"column":4},"end":{"line":20,"column":21}},"type":"binary-expr","locations":[{"start":{"line":20,"column":4},"end":{"line":20,"column":8}},{"start":{"line":20,"column":12},"end":{"line":20,"column":21}}],"line":20},"4":{"loc":{"start":{"line":23,"column":4},"end":{"line":23,"column":68}},"type":"cond-expr","locations":[{"start":{"line":23,"column":24},"end":{"line":23,"column":53}},{"start":{"line":23,"column":56},"end":{"line":23,"column":68}}],"line":23},"5":{"loc":{"start":{"line":23,"column":4},"end":{"line":23,"column":21}},"type":"binary-expr","locations":[{"start":{"line":23,"column":4},"end":{"line":23,"column":8}},{"start":{"line":23,"column":12},"end":{"line":23,"column":21}}],"line":23}},"s":{"0":2,"1":42,"2":42,"3":42,"4":42,"5":2,"6":2,"7":2,"8":37,"9":37},"f":{"0":42,"1":37},"b":{"0":[4,38],"1":[42,42,4],"2":[4,38],"3":[42,4],"4":[4,38],"5":[42,4]},"_coverageSchema":"1a1c01bbd47fc00a2c39e90264f33305004495a9","hash":"b22685be1901ef3e840ebab664666d99dd68a602"}
,"/Users/sflorez/Documents/condorlabs/repositories/test-news/src/components/TextArea.js": {"path":"/Users/sflorez/Documents/condorlabs/repositories/test-news/src/components/TextArea.js","statementMap":{"0":{"start":{"line":4,"column":17},"end":{"line":42,"column":1}},"1":{"start":{"line":5,"column":28},"end":{"line":10,"column":3}},"2":{"start":{"line":12,"column":2},"end":{"line":41,"column":4}},"3":{"start":{"line":44,"column":0},"end":{"line":50,"column":2}},"4":{"start":{"line":52,"column":0},"end":{"line":54,"column":2}}},"fnMap":{"0":{"name":"(anonymous_0)","decl":{"start":{"line":4,"column":17},"end":{"line":4,"column":18}},"loc":{"start":{"line":4,"column":76},"end":{"line":42,"column":1}},"line":4}},"branchMap":{"0":{"loc":{"start":{"line":17,"column":8},"end":{"line":17,"column":35}},"type":"cond-expr","locations":[{"start":{"line":17,"column":23},"end":{"line":17,"column":30}},{"start":{"line":17,"column":33},"end":{"line":17,"column":35}}],"line":17},"1":{"loc":{"start":{"line":30,"column":14},"end":{"line":30,"column":47}},"type":"cond-expr","locations":[{"start":{"line":30,"column":29},"end":{"line":30,"column":42}},{"start":{"line":30,"column":45},"end":{"line":30,"column":47}}],"line":30}},"s":{"0":3,"1":78,"2":78,"3":3,"4":3},"f":{"0":78},"b":{"0":[2,76],"1":[2,76]},"_coverageSchema":"1a1c01bbd47fc00a2c39e90264f33305004495a9","hash":"5e2cb3b33a27261d710a53912648dd6cf3ee2d5b"}
,"/Users/sflorez/Documents/condorlabs/repositories/test-news/src/lib/request.js": {"path":"/Users/sflorez/Documents/condorlabs/repositories/test-news/src/lib/request.js","statementMap":{"0":{"start":{"line":3,"column":16},"end":{"line":13,"column":1}},"1":{"start":{"line":4,"column":15},"end":{"line":10,"column":3}},"2":{"start":{"line":12,"column":2},"end":{"line":12,"column":32}}},"fnMap":{"0":{"name":"(anonymous_0)","decl":{"start":{"line":3,"column":16},"end":{"line":3,"column":17}},"loc":{"start":{"line":3,"column":44},"end":{"line":13,"column":1}},"line":3}},"branchMap":{},"s":{"0":2,"1":16,"2":16},"f":{"0":16},"b":{},"_coverageSchema":"1a1c01bbd47fc00a2c39e90264f33305004495a9","hash":"22cc644e81c760b9b46908fef3de3a904a198b71"}
,"/Users/sflorez/Documents/condorlabs/repositories/test-news/src/lib/useForm.js": {"path":"/Users/sflorez/Documents/condorlabs/repositories/test-news/src/lib/useForm.js","statementMap":{"0":{"start":{"line":4,"column":28},"end":{"line":4,"column":49}},"1":{"start":{"line":6,"column":24},"end":{"line":13,"column":3}},"2":{"start":{"line":7,"column":4},"end":{"line":11,"column":5}},"3":{"start":{"line":8,"column":6},"end":{"line":10,"column":7}},"4":{"start":{"line":9,"column":8},"end":{"line":9,"column":38}},"5":{"start":{"line":12,"column":4},"end":{"line":12,"column":17}},"6":{"start":{"line":16,"column":32},"end":{"line":44,"column":31}},"7":{"start":{"line":17,"column":17},"end":{"line":17,"column":18}},"8":{"start":{"line":18,"column":22},"end":{"line":18,"column":51}},"9":{"start":{"line":20,"column":4},"end":{"line":41,"column":5}},"10":{"start":{"line":20,"column":21},"end":{"line":20,"column":22}},"11":{"start":{"line":21,"column":18},"end":{"line":21,"column":36}},"12":{"start":{"line":22,"column":35},"end":{"line":22,"column":65}},"13":{"start":{"line":23,"column":25},"end":{"line":23,"column":41}},"14":{"start":{"line":24,"column":25},"end":{"line":24,"column":41}},"15":{"start":{"line":26,"column":21},"end":{"line":26,"column":23}},"16":{"start":{"line":28,"column":6},"end":{"line":32,"column":7}},"17":{"start":{"line":29,"column":8},"end":{"line":29,"column":57}},"18":{"start":{"line":30,"column":13},"end":{"line":32,"column":7}},"19":{"start":{"line":31,"column":8},"end":{"line":31,"column":45}},"20":{"start":{"line":34,"column":6},"end":{"line":40,"column":7}},"21":{"start":{"line":35,"column":8},"end":{"line":35,"column":17}},"22":{"start":{"line":36,"column":8},"end":{"line":39,"column":12}},"23":{"start":{"line":36,"column":33},"end":{"line":39,"column":9}},"24":{"start":{"line":43,"column":4},"end":{"line":43,"column":22}},"25":{"start":{"line":47,"column":25},"end":{"line":73,"column":3}},"26":{"start":{"line":51,"column":19},"end":{"line":51,"column":36}},"27":{"start":{"line":52,"column":19},"end":{"line":52,"column":36}},"28":{"start":{"line":54,"column":8},"end":{"line":54,"column":71}},"29":{"start":{"line":56,"column":18},"end":{"line":56,"column":20}},"30":{"start":{"line":57,"column":6},"end":{"line":61,"column":7}},"31":{"start":{"line":58,"column":8},"end":{"line":60,"column":9}},"32":{"start":{"line":59,"column":10},"end":{"line":59,"column":44}},"33":{"start":{"line":63,"column":6},"end":{"line":65,"column":7}},"34":{"start":{"line":64,"column":8},"end":{"line":64,"column":55}},"35":{"start":{"line":67,"column":6},"end":{"line":70,"column":10}},"36":{"start":{"line":67,"column":31},"end":{"line":70,"column":7}},"37":{"start":{"line":75,"column":25},"end":{"line":85,"column":3}},"38":{"start":{"line":77,"column":6},"end":{"line":77,"column":29}},"39":{"start":{"line":80,"column":6},"end":{"line":82,"column":7}},"40":{"start":{"line":81,"column":8},"end":{"line":81,"column":24}},"41":{"start":{"line":87,"column":2},"end":{"line":87,"column":51}}},"fnMap":{"0":{"name":"useForm","decl":{"start":{"line":3,"column":9},"end":{"line":3,"column":16}},"loc":{"start":{"line":3,"column":58},"end":{"line":88,"column":1}},"line":3},"1":{"name":"(anonymous_1)","decl":{"start":{"line":6,"column":24},"end":{"line":6,"column":25}},"loc":{"start":{"line":6,"column":43},"end":{"line":13,"column":3}},"line":6},"2":{"name":"(anonymous_2)","decl":{"start":{"line":16,"column":44},"end":{"line":16,"column":45}},"loc":{"start":{"line":16,"column":50},"end":{"line":44,"column":3}},"line":16},"3":{"name":"(anonymous_3)","decl":{"start":{"line":36,"column":17},"end":{"line":36,"column":18}},"loc":{"start":{"line":36,"column":33},"end":{"line":39,"column":9}},"line":36},"4":{"name":"(anonymous_4)","decl":{"start":{"line":48,"column":4},"end":{"line":48,"column":5}},"loc":{"start":{"line":48,"column":15},"end":{"line":71,"column":5}},"line":48},"5":{"name":"(anonymous_5)","decl":{"start":{"line":67,"column":15},"end":{"line":67,"column":16}},"loc":{"start":{"line":67,"column":31},"end":{"line":70,"column":7}},"line":67},"6":{"name":"(anonymous_6)","decl":{"start":{"line":76,"column":4},"end":{"line":76,"column":5}},"loc":{"start":{"line":76,"column":15},"end":{"line":83,"column":5}},"line":76}},"branchMap":{"0":{"loc":{"start":{"line":7,"column":4},"end":{"line":11,"column":5}},"type":"if","locations":[{"start":{"line":7,"column":4},"end":{"line":11,"column":5}},{"start":{"line":7,"column":4},"end":{"line":11,"column":5}}],"line":7},"1":{"loc":{"start":{"line":7,"column":8},"end":{"line":7,"column":73}},"type":"binary-expr","locations":[{"start":{"line":7,"column":8},"end":{"line":7,"column":33}},{"start":{"line":7,"column":37},"end":{"line":7,"column":73}}],"line":7},"2":{"loc":{"start":{"line":8,"column":6},"end":{"line":10,"column":7}},"type":"if","locations":[{"start":{"line":8,"column":6},"end":{"line":10,"column":7}},{"start":{"line":8,"column":6},"end":{"line":10,"column":7}}],"line":8},"3":{"loc":{"start":{"line":8,"column":10},"end":{"line":8,"column":54}},"type":"binary-expr","locations":[{"start":{"line":8,"column":10},"end":{"line":8,"column":15}},{"start":{"line":8,"column":19},"end":{"line":8,"column":54}}],"line":8},"4":{"loc":{"start":{"line":28,"column":6},"end":{"line":32,"column":7}},"type":"if","locations":[{"start":{"line":28,"column":6},"end":{"line":32,"column":7}},{"start":{"line":28,"column":6},"end":{"line":32,"column":7}}],"line":28},"5":{"loc":{"start":{"line":30,"column":13},"end":{"line":32,"column":7}},"type":"if","locations":[{"start":{"line":30,"column":13},"end":{"line":32,"column":7}},{"start":{"line":30,"column":13},"end":{"line":32,"column":7}}],"line":30},"6":{"loc":{"start":{"line":30,"column":17},"end":{"line":30,"column":68}},"type":"binary-expr","locations":[{"start":{"line":30,"column":18},"end":{"line":30,"column":38}},{"start":{"line":30,"column":42},"end":{"line":30,"column":53}},{"start":{"line":30,"column":58},"end":{"line":30,"column":68}}],"line":30},"7":{"loc":{"start":{"line":34,"column":6},"end":{"line":40,"column":7}},"type":"if","locations":[{"start":{"line":34,"column":6},"end":{"line":40,"column":7}},{"start":{"line":34,"column":6},"end":{"line":40,"column":7}}],"line":34},"8":{"loc":{"start":{"line":54,"column":8},"end":{"line":54,"column":71}},"type":"cond-expr","locations":[{"start":{"line":54,"column":30},"end":{"line":54,"column":50}},{"start":{"line":54,"column":53},"end":{"line":54,"column":71}}],"line":54},"9":{"loc":{"start":{"line":57,"column":6},"end":{"line":61,"column":7}},"type":"if","locations":[{"start":{"line":57,"column":6},"end":{"line":61,"column":7}},{"start":{"line":57,"column":6},"end":{"line":61,"column":7}}],"line":57},"10":{"loc":{"start":{"line":58,"column":8},"end":{"line":60,"column":9}},"type":"if","locations":[{"start":{"line":58,"column":8},"end":{"line":60,"column":9}},{"start":{"line":58,"column":8},"end":{"line":60,"column":9}}],"line":58},"11":{"loc":{"start":{"line":63,"column":6},"end":{"line":65,"column":7}},"type":"if","locations":[{"start":{"line":63,"column":6},"end":{"line":65,"column":7}},{"start":{"line":63,"column":6},"end":{"line":65,"column":7}}],"line":63},"12":{"loc":{"start":{"line":80,"column":6},"end":{"line":82,"column":7}},"type":"if","locations":[{"start":{"line":80,"column":6},"end":{"line":82,"column":7}},{"start":{"line":80,"column":6},"end":{"line":82,"column":7}}],"line":80}},"s":{"0":71,"1":71,"2":114,"3":41,"4":4,"5":110,"6":71,"7":12,"8":12,"9":12,"10":12,"11":72,"12":72,"13":72,"14":72,"15":72,"16":72,"17":2,"18":70,"19":10,"20":72,"21":12,"22":12,"23":12,"24":12,"25":71,"26":42,"27":42,"28":42,"29":42,"30":42,"31":41,"32":1,"33":42,"34":2,"35":42,"36":42,"37":71,"38":12,"39":12,"40":4,"41":71},"f":{"0":71,"1":114,"2":12,"3":12,"4":42,"5":42,"6":12},"b":{"0":[41,73],"1":[114,114],"2":[4,37],"3":[41,36],"4":[2,70],"5":[10,60],"6":[70,58,60],"7":[12,60],"8":[1,41],"9":[41,1],"10":[1,40],"11":[2,40],"12":[4,8]},"_coverageSchema":"1a1c01bbd47fc00a2c39e90264f33305004495a9","hash":"7bb29bd8f367c1e02377d784c9625310f01aa7cf"}
,"/Users/sflorez/Documents/condorlabs/repositories/test-news/src/lib/utils.js": {"path":"/Users/sflorez/Documents/condorlabs/repositories/test-news/src/lib/utils.js","statementMap":{"0":{"start":{"line":2,"column":15},"end":{"line":2,"column":17}},"1":{"start":{"line":3,"column":14},"end":{"line":3,"column":30}},"2":{"start":{"line":4,"column":13},"end":{"line":4,"column":29}},"3":{"start":{"line":5,"column":2},"end":{"line":8,"column":3}},"4":{"start":{"line":5,"column":15},"end":{"line":5,"column":16}},"5":{"start":{"line":6,"column":15},"end":{"line":6,"column":33}},"6":{"start":{"line":7,"column":4},"end":{"line":7,"column":50}},"7":{"start":{"line":9,"column":2},"end":{"line":9,"column":16}}},"fnMap":{"0":{"name":"getParams","decl":{"start":{"line":1,"column":16},"end":{"line":1,"column":25}},"loc":{"start":{"line":1,"column":31},"end":{"line":10,"column":1}},"line":1}},"branchMap":{},"s":{"0":49,"1":49,"2":49,"3":49,"4":49,"5":49,"6":49,"7":49},"f":{"0":49},"b":{},"_coverageSchema":"1a1c01bbd47fc00a2c39e90264f33305004495a9","hash":"43cfd748772006476d42084f2e32a5e94583c0ef"}
,"/Users/sflorez/Documents/condorlabs/repositories/test-news/src/pages/index.js": {"path":"/Users/sflorez/Documents/condorlabs/repositories/test-news/src/pages/index.js","statementMap":{"0":{"start":{"line":21,"column":25},"end":{"line":132,"column":1}},"1":{"start":{"line":29,"column":36},"end":{"line":29,"column":51}},"2":{"start":{"line":30,"column":42},"end":{"line":30,"column":54}},"3":{"start":{"line":31,"column":28},"end":{"line":34,"column":4}},"4":{"start":{"line":35,"column":17},"end":{"line":35,"column":43}},"5":{"start":{"line":38,"column":4},"end":{"line":40,"column":32}},"6":{"start":{"line":42,"column":26},"end":{"line":45,"column":3}},"7":{"start":{"line":43,"column":4},"end":{"line":43,"column":29}},"8":{"start":{"line":44,"column":4},"end":{"line":44,"column":23}},"9":{"start":{"line":47,"column":21},"end":{"line":49,"column":3}},"10":{"start":{"line":48,"column":4},"end":{"line":48,"column":24}},"11":{"start":{"line":51,"column":25},"end":{"line":55,"column":3}},"12":{"start":{"line":52,"column":4},"end":{"line":52,"column":64}},"13":{"start":{"line":53,"column":22},"end":{"line":53,"column":27}},"14":{"start":{"line":54,"column":4},"end":{"line":54,"column":57}},"15":{"start":{"line":57,"column":25},"end":{"line":64,"column":3}},"16":{"start":{"line":58,"column":22},"end":{"line":58,"column":27}},"17":{"start":{"line":59,"column":4},"end":{"line":63,"column":5}},"18":{"start":{"line":60,"column":6},"end":{"line":60,"column":42}},"19":{"start":{"line":61,"column":6},"end":{"line":61,"column":80}},"20":{"start":{"line":62,"column":6},"end":{"line":62,"column":63}},"21":{"start":{"line":66,"column":2},"end":{"line":68,"column":3}},"22":{"start":{"line":67,"column":4},"end":{"line":67,"column":25}},"23":{"start":{"line":70,"column":2},"end":{"line":131,"column":4}},"24":{"start":{"line":95,"column":27},"end":{"line":95,"column":48}},"25":{"start":{"line":134,"column":0},"end":{"line":144,"column":2}},"26":{"start":{"line":146,"column":0},"end":{"line":149,"column":2}},"27":{"start":{"line":151,"column":34},"end":{"line":157,"column":1}},"28":{"start":{"line":152,"column":18},"end":{"line":152,"column":59}},"29":{"start":{"line":153,"column":2},"end":{"line":156,"column":4}},"30":{"start":{"line":159,"column":31},"end":{"line":161,"column":2}},"31":{"start":{"line":159,"column":43},"end":{"line":161,"column":1}}},"fnMap":{"0":{"name":"(anonymous_0)","decl":{"start":{"line":21,"column":25},"end":{"line":21,"column":26}},"loc":{"start":{"line":28,"column":6},"end":{"line":132,"column":1}},"line":28},"1":{"name":"(anonymous_1)","decl":{"start":{"line":42,"column":26},"end":{"line":42,"column":27}},"loc":{"start":{"line":42,"column":39},"end":{"line":45,"column":3}},"line":42},"2":{"name":"(anonymous_2)","decl":{"start":{"line":47,"column":21},"end":{"line":47,"column":22}},"loc":{"start":{"line":47,"column":27},"end":{"line":49,"column":3}},"line":47},"3":{"name":"(anonymous_3)","decl":{"start":{"line":51,"column":25},"end":{"line":51,"column":26}},"loc":{"start":{"line":51,"column":37},"end":{"line":55,"column":3}},"line":51},"4":{"name":"(anonymous_4)","decl":{"start":{"line":57,"column":25},"end":{"line":57,"column":26}},"loc":{"start":{"line":57,"column":41},"end":{"line":64,"column":3}},"line":57},"5":{"name":"(anonymous_5)","decl":{"start":{"line":95,"column":21},"end":{"line":95,"column":22}},"loc":{"start":{"line":95,"column":27},"end":{"line":95,"column":48}},"line":95},"6":{"name":"(anonymous_6)","decl":{"start":{"line":151,"column":34},"end":{"line":151,"column":35}},"loc":{"start":{"line":151,"column":48},"end":{"line":157,"column":1}},"line":151},"7":{"name":"(anonymous_7)","decl":{"start":{"line":159,"column":31},"end":{"line":159,"column":32}},"loc":{"start":{"line":159,"column":43},"end":{"line":161,"column":1}},"line":159}},"branchMap":{"0":{"loc":{"start":{"line":59,"column":4},"end":{"line":63,"column":5}},"type":"if","locations":[{"start":{"line":59,"column":4},"end":{"line":63,"column":5}},{"start":{"line":59,"column":4},"end":{"line":63,"column":5}}],"line":59},"1":{"loc":{"start":{"line":66,"column":2},"end":{"line":68,"column":3}},"type":"if","locations":[{"start":{"line":66,"column":2},"end":{"line":68,"column":3}},{"start":{"line":66,"column":2},"end":{"line":68,"column":3}}],"line":66}},"s":{"0":1,"1":49,"2":49,"3":49,"4":49,"5":49,"6":49,"7":3,"8":3,"9":49,"10":1,"11":49,"12":15,"13":15,"14":15,"15":49,"16":6,"17":6,"18":4,"19":4,"20":4,"21":49,"22":12,"23":49,"24":3,"25":1,"26":1,"27":1,"28":12,"29":12,"30":1,"31":34},"f":{"0":49,"1":3,"2":1,"3":15,"4":6,"5":3,"6":12,"7":34},"b":{"0":[4,2],"1":[12,37]},"_coverageSchema":"1a1c01bbd47fc00a2c39e90264f33305004495a9","hash":"a4462e44983f344c6d52297865c8e40b829ad534"}
,"/Users/sflorez/Documents/condorlabs/repositories/test-news/src/state/actions.js": {"path":"/Users/sflorez/Documents/condorlabs/repositories/test-news/src/state/actions.js","statementMap":{"0":{"start":{"line":12,"column":22},"end":{"line":12,"column":60}},"1":{"start":{"line":14,"column":2},"end":{"line":14,"column":68}},"2":{"start":{"line":16,"column":32},"end":{"line":19,"column":2}},"3":{"start":{"line":16,"column":47},"end":{"line":19,"column":1}},"4":{"start":{"line":21,"column":36},"end":{"line":24,"column":2}},"5":{"start":{"line":21,"column":51},"end":{"line":24,"column":1}},"6":{"start":{"line":26,"column":30},"end":{"line":29,"column":2}},"7":{"start":{"line":26,"column":42},"end":{"line":29,"column":1}},"8":{"start":{"line":32,"column":2},"end":{"line":76,"column":4}},"9":{"start":{"line":33,"column":4},"end":{"line":33,"column":35}},"10":{"start":{"line":35,"column":17},"end":{"line":45,"column":5}},"11":{"start":{"line":47,"column":17},"end":{"line":47,"column":31}},"12":{"start":{"line":49,"column":4},"end":{"line":75,"column":9}},"13":{"start":{"line":52,"column":8},"end":{"line":63,"column":9}},"14":{"start":{"line":58,"column":10},"end":{"line":60,"column":74}},"15":{"start":{"line":59,"column":12},"end":{"line":59,"column":75}},"16":{"start":{"line":60,"column":15},"end":{"line":60,"column":74}},"17":{"start":{"line":62,"column":10},"end":{"line":62,"column":48}},"18":{"start":{"line":65,"column":8},"end":{"line":65,"column":54}},"19":{"start":{"line":67,"column":8},"end":{"line":67,"column":24}},"20":{"start":{"line":72,"column":8},"end":{"line":72,"column":40}},"21":{"start":{"line":74,"column":8},"end":{"line":74,"column":21}}},"fnMap":{"0":{"name":"(anonymous_0)","decl":{"start":{"line":16,"column":32},"end":{"line":16,"column":33}},"loc":{"start":{"line":16,"column":47},"end":{"line":19,"column":1}},"line":16},"1":{"name":"(anonymous_1)","decl":{"start":{"line":21,"column":36},"end":{"line":21,"column":37}},"loc":{"start":{"line":21,"column":51},"end":{"line":24,"column":1}},"line":21},"2":{"name":"(anonymous_2)","decl":{"start":{"line":26,"column":30},"end":{"line":26,"column":31}},"loc":{"start":{"line":26,"column":42},"end":{"line":29,"column":1}},"line":26},"3":{"name":"loadNews","decl":{"start":{"line":31,"column":16},"end":{"line":31,"column":24}},"loc":{"start":{"line":31,"column":55},"end":{"line":77,"column":1}},"line":31},"4":{"name":"(anonymous_4)","decl":{"start":{"line":32,"column":9},"end":{"line":32,"column":10}},"loc":{"start":{"line":32,"column":23},"end":{"line":76,"column":3}},"line":32},"5":{"name":"(anonymous_5)","decl":{"start":{"line":50,"column":12},"end":{"line":50,"column":13}},"loc":{"start":{"line":50,"column":26},"end":{"line":68,"column":7}},"line":50},"6":{"name":"(anonymous_6)","decl":{"start":{"line":69,"column":13},"end":{"line":69,"column":14}},"loc":{"start":{"line":69,"column":24},"end":{"line":75,"column":7}},"line":69}},"branchMap":{"0":{"loc":{"start":{"line":47,"column":17},"end":{"line":47,"column":31}},"type":"binary-expr","locations":[{"start":{"line":47,"column":17},"end":{"line":47,"column":24}},{"start":{"line":47,"column":28},"end":{"line":47,"column":31}}],"line":47},"1":{"loc":{"start":{"line":52,"column":8},"end":{"line":63,"column":9}},"type":"if","locations":[{"start":{"line":52,"column":8},"end":{"line":63,"column":9}},{"start":{"line":52,"column":8},"end":{"line":63,"column":9}}],"line":52},"2":{"loc":{"start":{"line":53,"column":10},"end":{"line":56,"column":55}},"type":"binary-expr","locations":[{"start":{"line":53,"column":10},"end":{"line":53,"column":23}},{"start":{"line":54,"column":10},"end":{"line":54,"column":32}},{"start":{"line":55,"column":10},"end":{"line":55,"column":32}},{"start":{"line":56,"column":10},"end":{"line":56,"column":55}}],"line":53},"3":{"loc":{"start":{"line":58,"column":10},"end":{"line":60,"column":74}},"type":"if","locations":[{"start":{"line":58,"column":10},"end":{"line":60,"column":74}},{"start":{"line":58,"column":10},"end":{"line":60,"column":74}}],"line":58}},"s":{"0":2,"1":2,"2":2,"3":10,"4":2,"5":3,"6":2,"7":3,"8":24,"9":16,"10":16,"11":16,"12":16,"13":15,"14":13,"15":3,"16":10,"17":13,"18":2,"19":2,"20":1,"21":1},"f":{"0":10,"1":3,"2":3,"3":24,"4":16,"5":15,"6":1},"b":{"0":[16,15],"1":[13,2],"2":[15,15,13,13],"3":[3,10]},"_coverageSchema":"1a1c01bbd47fc00a2c39e90264f33305004495a9","hash":"14c2ed5e4d6556f8aabaa5ecb470f4ea207ca956"}
,"/Users/sflorez/Documents/condorlabs/repositories/test-news/src/state/app.js": {"path":"/Users/sflorez/Documents/condorlabs/repositories/test-news/src/state/app.js","statementMap":{"0":{"start":{"line":8,"column":28},"end":{"line":12,"column":1}},"1":{"start":{"line":15,"column":2},"end":{"line":34,"column":3}},"2":{"start":{"line":17,"column":6},"end":{"line":17,"column":41}},"3":{"start":{"line":19,"column":6},"end":{"line":23,"column":8}},"4":{"start":{"line":25,"column":6},"end":{"line":29,"column":8}},"5":{"start":{"line":31,"column":6},"end":{"line":31,"column":63}},"6":{"start":{"line":33,"column":6},"end":{"line":33,"column":19}}},"fnMap":{"0":{"name":"reducer","decl":{"start":{"line":14,"column":24},"end":{"line":14,"column":31}},"loc":{"start":{"line":14,"column":62},"end":{"line":35,"column":1}},"line":14}},"branchMap":{"0":{"loc":{"start":{"line":14,"column":32},"end":{"line":14,"column":52}},"type":"default-arg","locations":[{"start":{"line":14,"column":40},"end":{"line":14,"column":52}}],"line":14},"1":{"loc":{"start":{"line":15,"column":2},"end":{"line":34,"column":3}},"type":"switch","locations":[{"start":{"line":16,"column":4},"end":{"line":17,"column":41}},{"start":{"line":18,"column":4},"end":{"line":23,"column":8}},{"start":{"line":24,"column":4},"end":{"line":29,"column":8}},{"start":{"line":30,"column":4},"end":{"line":31,"column":63}},{"start":{"line":32,"column":4},"end":{"line":33,"column":19}}],"line":15}},"s":{"0":1,"1":27,"2":11,"3":8,"4":2,"5":1,"6":5},"f":{"0":27},"b":{"0":[2],"1":[11,8,2,1,5]},"_coverageSchema":"1a1c01bbd47fc00a2c39e90264f33305004495a9","hash":"a64b904517d4ca7dc92e77fd41ffe863c2a7fd1b"}
,"/Users/sflorez/Documents/condorlabs/repositories/test-news/src/state/contants.js": {"path":"/Users/sflorez/Documents/condorlabs/repositories/test-news/src/state/contants.js","statementMap":{"0":{"start":{"line":1,"column":31},"end":{"line":1,"column":64}},"1":{"start":{"line":2,"column":26},"end":{"line":2,"column":54}},"2":{"start":{"line":3,"column":34},"end":{"line":3,"column":70}},"3":{"start":{"line":4,"column":31},"end":{"line":4,"column":64}},"4":{"start":{"line":5,"column":34},"end":{"line":5,"column":70}}},"fnMap":{},"branchMap":{},"s":{"0":2,"1":2,"2":2,"3":2,"4":2},"f":{},"b":{},"_coverageSchema":"1a1c01bbd47fc00a2c39e90264f33305004495a9","hash":"7e78ec53936a22f526d8fb29f24616d4cb5c88fa"}
}
