TN:
SF:src/components/ArticleItem.js
FN:6,(anonymous_0)
FNF:1
FNH:1
FNDA:88,(anonymous_0)
DA:6,3
DA:7,88
DA:27,3
LF:3
LH:3
BRDA:17,0,0,88
BRDA:17,0,1,2
BRF:2
BRH:2
end_of_record
TN:
SF:src/components/ArticlesList.js
FN:7,(anonymous_0)
FN:11,(anonymous_1)
FNF:2
FNH:2
FNDA:40,(anonymous_0)
FNDA:84,(anonymous_1)
DA:7,2
DA:8,40
DA:9,40
DA:12,84
DA:30,2
DA:34,2
LF:6
LH:6
BRDA:8,0,0,39
BRDA:8,0,1,1
BRF:2
BRH:2
end_of_record
TN:
SF:src/components/Banner.js
FN:9,(anonymous_0)
FN:53,(anonymous_1)
FNF:2
FNH:2
FNDA:41,(anonymous_0)
FNDA:1,(anonymous_1)
DA:9,2
DA:16,41
DA:40,2
DA:48,2
DA:54,1
LF:5
LH:5
BRF:0
BRH:0
end_of_record
TN:
SF:src/components/ContactForm.js
FN:14,(anonymous_0)
FN:53,(anonymous_1)
FNF:2
FNH:2
FNDA:71,(anonymous_0)
FNDA:4,(anonymous_1)
DA:14,2
DA:15,71
DA:24,71
DA:53,71
DA:54,4
DA:62,4
DA:64,4
DA:67,71
DA:73,71
DA:163,2
DA:168,2
LF:11
LH:11
BRF:0
BRH:0
end_of_record
TN:
SF:src/components/Header.js
FN:30,(anonymous_0)
FN:38,(anonymous_1)
FN:44,(anonymous_2)
FN:48,(anonymous_3)
FN:52,(anonymous_4)
FN:66,(anonymous_5)
FNF:6
FNH:6
FNDA:44,(anonymous_0)
FNDA:10,(anonymous_1)
FNDA:16,(anonymous_2)
FNDA:64,(anonymous_3)
FNDA:10,(anonymous_4)
FNDA:16,(anonymous_5)
DA:11,3
DA:30,3
DA:38,44
DA:39,10
DA:42,44
DA:44,44
DA:45,16
DA:49,64
DA:52,10
DA:66,44
DA:67,16
DA:87,44
DA:109,3
DA:119,3
LF:14
LH:14
BRDA:42,0,0,39
BRDA:42,0,1,5
BRDA:42,1,0,44
BRDA:42,1,1,39
BRDA:101,2,0,44
BRDA:101,2,1,16
BRDA:102,3,0,44
BRDA:102,3,1,16
BRF:8
BRH:8
end_of_record
TN:
SF:src/components/Layout.js
FN:16,(anonymous_0)
FN:45,(anonymous_1)
FN:72,(anonymous_2)
FNF:3
FNH:3
FNDA:41,(anonymous_0)
FNDA:1,(anonymous_1)
FNDA:37,(anonymous_2)
DA:16,2
DA:25,41
DA:27,41
DA:30,41
DA:32,41
DA:45,1
DA:55,2
DA:65,2
DA:72,2
DA:73,37
DA:82,37
LF:11
LH:11
BRDA:27,0,0,2
BRDA:27,0,1,39
BRDA:27,1,0,41
BRDA:27,1,1,41
BRDA:34,2,0,41
BRDA:34,2,1,40
BRDA:43,3,0,41
BRDA:43,3,1,40
BRF:8
BRH:8
end_of_record
TN:
SF:src/components/Seo.js
FN:13,(anonymous_0)
FN:84,(anonymous_1)
FNF:2
FNH:2
FNDA:42,(anonymous_0)
FNDA:37,(anonymous_1)
DA:13,2
DA:15,42
DA:20,42
DA:23,42
DA:25,42
DA:70,2
DA:76,2
DA:84,2
DA:85,37
DA:94,37
LF:10
LH:10
BRDA:15,0,0,4
BRDA:15,0,1,38
BRDA:15,1,0,42
BRDA:15,1,1,42
BRDA:15,1,2,4
BRDA:20,2,0,4
BRDA:20,2,1,38
BRDA:20,3,0,42
BRDA:20,3,1,4
BRDA:23,4,0,4
BRDA:23,4,1,38
BRDA:23,5,0,42
BRDA:23,5,1,4
BRF:13
BRH:13
end_of_record
TN:
SF:src/components/TextArea.js
FN:4,(anonymous_0)
FNF:1
FNH:1
FNDA:77,(anonymous_0)
DA:4,3
DA:5,77
DA:12,77
DA:44,3
DA:52,3
LF:5
LH:5
BRDA:17,0,0,2
BRDA:17,0,1,75
BRDA:30,1,0,2
BRDA:30,1,1,75
BRF:4
BRH:4
end_of_record
TN:
SF:src/lib/request.js
FN:3,(anonymous_0)
FNF:1
FNH:1
FNDA:16,(anonymous_0)
DA:3,2
DA:4,16
DA:12,16
LF:3
LH:3
BRF:0
BRH:0
end_of_record
TN:
SF:src/lib/useForm.js
FN:3,useForm
FN:6,(anonymous_1)
FN:16,(anonymous_2)
FN:36,(anonymous_3)
FN:48,(anonymous_4)
FN:67,(anonymous_5)
FN:76,(anonymous_6)
FNF:7
FNH:7
FNDA:71,useForm
FNDA:114,(anonymous_1)
FNDA:12,(anonymous_2)
FNDA:12,(anonymous_3)
FNDA:42,(anonymous_4)
FNDA:42,(anonymous_5)
FNDA:12,(anonymous_6)
DA:4,71
DA:6,71
DA:7,114
DA:8,41
DA:9,4
DA:12,110
DA:16,71
DA:17,12
DA:18,12
DA:20,12
DA:21,72
DA:22,72
DA:23,72
DA:24,72
DA:26,72
DA:28,72
DA:29,2
DA:30,70
DA:31,10
DA:34,72
DA:35,12
DA:36,12
DA:43,12
DA:47,71
DA:51,42
DA:52,42
DA:54,42
DA:56,42
DA:57,42
DA:58,41
DA:59,1
DA:63,42
DA:64,2
DA:67,42
DA:75,71
DA:77,12
DA:80,12
DA:81,4
DA:87,71
LF:39
LH:39
BRDA:7,0,0,41
BRDA:7,0,1,73
BRDA:7,1,0,114
BRDA:7,1,1,114
BRDA:8,2,0,4
BRDA:8,2,1,37
BRDA:8,3,0,41
BRDA:8,3,1,36
BRDA:28,4,0,2
BRDA:28,4,1,70
BRDA:30,5,0,10
BRDA:30,5,1,60
BRDA:30,6,0,70
BRDA:30,6,1,58
BRDA:30,6,2,60
BRDA:34,7,0,12
BRDA:34,7,1,60
BRDA:54,8,0,1
BRDA:54,8,1,41
BRDA:57,9,0,41
BRDA:57,9,1,1
BRDA:58,10,0,1
BRDA:58,10,1,40
BRDA:63,11,0,2
BRDA:63,11,1,40
BRDA:80,12,0,4
BRDA:80,12,1,8
BRF:27
BRH:27
end_of_record
TN:
SF:src/lib/utils.js
FN:1,getParams
FNF:1
FNH:1
FNDA:49,getParams
DA:2,49
DA:3,49
DA:4,49
DA:5,49
DA:6,49
DA:7,49
DA:9,49
LF:7
LH:7
BRF:0
BRH:0
end_of_record
TN:
SF:src/pages/index.js
FN:21,(anonymous_0)
FN:42,(anonymous_1)
FN:47,(anonymous_2)
FN:51,(anonymous_3)
FN:57,(anonymous_4)
FN:95,(anonymous_5)
FN:151,(anonymous_6)
FN:159,(anonymous_7)
FNF:8
FNH:8
FNDA:49,(anonymous_0)
FNDA:3,(anonymous_1)
FNDA:1,(anonymous_2)
FNDA:15,(anonymous_3)
FNDA:6,(anonymous_4)
FNDA:3,(anonymous_5)
FNDA:12,(anonymous_6)
FNDA:34,(anonymous_7)
DA:21,1
DA:29,49
DA:30,49
DA:31,49
DA:35,49
DA:38,49
DA:42,49
DA:43,3
DA:44,3
DA:47,49
DA:48,1
DA:51,49
DA:52,15
DA:53,15
DA:54,15
DA:57,49
DA:58,6
DA:59,6
DA:60,4
DA:61,4
DA:62,4
DA:66,49
DA:67,12
DA:70,49
DA:95,3
DA:134,1
DA:146,1
DA:151,1
DA:152,12
DA:153,12
DA:159,34
LF:31
LH:31
BRDA:59,0,0,4
BRDA:59,0,1,2
BRDA:66,1,0,12
BRDA:66,1,1,37
BRF:4
BRH:4
end_of_record
TN:
SF:src/state/actions.js
FN:16,(anonymous_0)
FN:21,(anonymous_1)
FN:26,(anonymous_2)
FN:31,loadNews
FN:32,(anonymous_4)
FN:50,(anonymous_5)
FN:69,(anonymous_6)
FNF:7
FNH:7
FNDA:10,(anonymous_0)
FNDA:3,(anonymous_1)
FNDA:3,(anonymous_2)
FNDA:24,loadNews
FNDA:16,(anonymous_4)
FNDA:15,(anonymous_5)
FNDA:1,(anonymous_6)
DA:12,2
DA:14,2
DA:16,10
DA:21,3
DA:26,3
DA:32,24
DA:33,16
DA:35,16
DA:47,16
DA:49,16
DA:52,15
DA:58,13
DA:59,3
DA:60,10
DA:62,13
DA:65,2
DA:67,2
DA:72,1
DA:74,1
LF:19
LH:19
BRDA:47,0,0,16
BRDA:47,0,1,15
BRDA:52,1,0,13
BRDA:52,1,1,2
BRDA:53,2,0,15
BRDA:53,2,1,15
BRDA:53,2,2,13
BRDA:53,2,3,13
BRDA:58,3,0,3
BRDA:58,3,1,10
BRF:10
BRH:10
end_of_record
TN:
SF:src/state/app.js
FN:14,reducer
FNF:1
FNH:1
FNDA:27,reducer
DA:8,1
DA:15,27
DA:17,11
DA:19,8
DA:25,2
DA:31,1
DA:33,5
LF:7
LH:7
BRDA:14,0,0,2
BRDA:15,1,0,11
BRDA:15,1,1,8
BRDA:15,1,2,2
BRDA:15,1,3,1
BRDA:15,1,4,5
BRF:6
BRH:6
end_of_record
TN:
SF:src/state/contants.js
FNF:0
FNH:0
DA:1,2
DA:2,2
DA:3,2
DA:4,2
DA:5,2
LF:5
LH:5
BRF:0
BRH:0
end_of_record
