TN:
SF:src/components/ArticleItem.js
FN:6,(anonymous_0)
FNF:1
FNH:1
FNDA:8,(anonymous_0)
DA:6,3
DA:7,8
DA:27,3
LF:3
LH:3
BRDA:17,0,0,8
BRDA:17,0,1,2
BRF:2
BRH:2
end_of_record
TN:
SF:src/components/ArticlesList.js
FN:7,(anonymous_0)
FN:11,(anonymous_1)
FNF:2
FNH:2
FNDA:5,(anonymous_0)
FNDA:4,(anonymous_1)
DA:7,2
DA:8,5
DA:9,5
DA:12,4
DA:25,2
DA:29,2
LF:6
LH:6
BRDA:8,0,0,4
BRDA:8,0,1,1
BRF:2
BRH:2
end_of_record
TN:
SF:src/components/Banner.js
FN:9,(anonymous_0)
FN:53,(anonymous_1)
FNF:2
FNH:2
FNDA:5,(anonymous_0)
FNDA:1,(anonymous_1)
DA:9,2
DA:16,5
DA:40,2
DA:48,2
DA:54,1
LF:5
LH:5
BRF:0
BRH:0
end_of_record
TN:
SF:src/components/ContactForm.js
FN:14,(anonymous_0)
FN:53,(anonymous_1)
FNF:2
FNH:2
FNDA:30,(anonymous_0)
FNDA:1,(anonymous_1)
DA:14,2
DA:15,30
DA:24,30
DA:53,30
DA:54,1
DA:62,1
DA:64,1
DA:67,30
DA:73,30
DA:158,2
DA:163,2
LF:11
LH:11
BRF:0
BRH:0
end_of_record
TN:
SF:src/components/Header.js
FN:30,(anonymous_0)
FN:38,(anonymous_1)
FN:44,(anonymous_2)
FN:48,(anonymous_3)
FN:52,(anonymous_4)
FN:66,(anonymous_5)
FNF:6
FNH:6
FNDA:8,(anonymous_0)
FNDA:4,(anonymous_1)
FNDA:3,(anonymous_2)
FNDA:12,(anonymous_3)
FNDA:4,(anonymous_4)
FNDA:3,(anonymous_5)
DA:11,3
DA:30,3
DA:38,8
DA:39,4
DA:42,8
DA:44,8
DA:45,3
DA:49,12
DA:52,4
DA:66,8
DA:67,3
DA:87,8
DA:109,3
DA:119,3
LF:14
LH:14
BRDA:42,0,0,3
BRDA:42,0,1,5
BRDA:42,1,0,8
BRDA:42,1,1,3
BRDA:101,2,0,8
BRDA:101,2,1,3
BRDA:102,3,0,8
BRDA:102,3,1,3
BRF:8
BRH:8
end_of_record
TN:
SF:src/components/Layout.js
FN:16,(anonymous_0)
FN:45,(anonymous_1)
FN:72,(anonymous_2)
FNF:3
FNH:3
FNDA:5,(anonymous_0)
FNDA:1,(anonymous_1)
FNDA:1,(anonymous_2)
DA:16,2
DA:25,5
DA:27,5
DA:30,5
DA:32,5
DA:45,1
DA:55,2
DA:65,2
DA:72,2
DA:73,1
DA:82,1
LF:11
LH:11
BRDA:27,0,0,2
BRDA:27,0,1,3
BRDA:27,1,0,5
BRDA:27,1,1,5
BRDA:34,2,0,5
BRDA:34,2,1,4
BRDA:43,3,0,5
BRDA:43,3,1,4
BRF:8
BRH:8
end_of_record
TN:
SF:src/components/Seo.js
FN:13,(anonymous_0)
FN:84,(anonymous_1)
FNF:2
FNH:2
FNDA:6,(anonymous_0)
FNDA:1,(anonymous_1)
DA:13,2
DA:15,6
DA:20,6
DA:23,6
DA:25,6
DA:70,2
DA:76,2
DA:84,2
DA:85,1
DA:94,1
LF:10
LH:10
BRDA:15,0,0,4
BRDA:15,0,1,2
BRDA:15,1,0,6
BRDA:15,1,1,6
BRDA:15,1,2,4
BRDA:20,2,0,4
BRDA:20,2,1,2
BRDA:20,3,0,6
BRDA:20,3,1,4
BRDA:23,4,0,4
BRDA:23,4,1,2
BRDA:23,5,0,6
BRDA:23,5,1,4
BRF:13
BRH:13
end_of_record
TN:
SF:src/components/TextArea.js
FN:4,(anonymous_0)
FNF:1
FNH:1
FNDA:37,(anonymous_0)
DA:4,3
DA:5,37
DA:12,37
DA:44,3
DA:52,3
LF:5
LH:5
BRDA:17,0,0,2
BRDA:17,0,1,35
BRDA:30,1,0,2
BRDA:30,1,1,35
BRF:4
BRH:4
end_of_record
TN:
SF:src/lib/request.js
FN:3,(anonymous_0)
FNF:1
FNH:1
FNDA:5,(anonymous_0)
DA:3,2
DA:4,5
DA:12,5
LF:3
LH:3
BRF:0
BRH:0
end_of_record
TN:
SF:src/lib/useForm.js
FN:3,useForm
FN:6,(anonymous_1)
FN:16,(anonymous_2)
FN:36,(anonymous_3)
FN:48,(anonymous_4)
FN:67,(anonymous_5)
FN:76,(anonymous_6)
FNF:7
FNH:7
FNDA:30,useForm
FNDA:91,(anonymous_1)
FNDA:9,(anonymous_2)
FNDA:12,(anonymous_3)
FNDA:37,(anonymous_4)
FNDA:37,(anonymous_5)
FNDA:9,(anonymous_6)
DA:4,30
DA:6,30
DA:7,91
DA:8,33
DA:9,4
DA:12,87
DA:16,30
DA:17,9
DA:18,9
DA:20,9
DA:21,54
DA:22,54
DA:23,54
DA:24,54
DA:26,54
DA:28,54
DA:29,2
DA:30,52
DA:31,10
DA:34,54
DA:35,12
DA:36,12
DA:43,9
DA:47,30
DA:51,37
DA:52,37
DA:54,37
DA:56,37
DA:57,37
DA:58,36
DA:59,1
DA:63,37
DA:64,2
DA:67,37
DA:75,30
DA:77,9
DA:80,9
DA:81,1
DA:87,30
LF:39
LH:39
BRDA:7,0,0,33
BRDA:7,0,1,58
BRDA:7,1,0,91
BRDA:7,1,1,91
BRDA:8,2,0,4
BRDA:8,2,1,29
BRDA:8,3,0,33
BRDA:8,3,1,28
BRDA:28,4,0,2
BRDA:28,4,1,52
BRDA:30,5,0,10
BRDA:30,5,1,42
BRDA:30,6,0,52
BRDA:30,6,1,43
BRDA:30,6,2,42
BRDA:34,7,0,12
BRDA:34,7,1,42
BRDA:54,8,0,1
BRDA:54,8,1,36
BRDA:57,9,0,36
BRDA:57,9,1,1
BRDA:58,10,0,1
BRDA:58,10,1,35
BRDA:63,11,0,2
BRDA:63,11,1,35
BRDA:80,12,0,1
BRDA:80,12,1,8
BRF:27
BRH:27
end_of_record
TN:
SF:src/lib/utils.js
FN:1,getParams
FNF:1
FNH:1
FNDA:2,getParams
DA:2,2
DA:3,2
DA:4,2
DA:5,2
DA:6,2
DA:7,2
DA:9,2
LF:7
LH:7
BRF:0
BRH:0
end_of_record
TN:
SF:src/pages/index.js
FN:21,(anonymous_0)
FN:42,(anonymous_1)
FN:47,(anonymous_2)
FN:53,(anonymous_3)
FN:91,(anonymous_4)
FN:103,(anonymous_5)
FN:111,(anonymous_6)
FN:124,(anonymous_7)
FN:150,(anonymous_8)
FN:158,(anonymous_9)
FNF:10
FNH:4
FNDA:2,(anonymous_0)
FNDA:0,(anonymous_1)
FNDA:1,(anonymous_2)
FNDA:0,(anonymous_3)
FNDA:0,(anonymous_4)
FNDA:0,(anonymous_5)
FNDA:0,(anonymous_6)
FNDA:0,(anonymous_7)
FNDA:1,(anonymous_8)
FNDA:1,(anonymous_9)
DA:21,1
DA:29,2
DA:30,2
DA:31,2
DA:35,2
DA:38,2
DA:42,2
DA:43,0
DA:44,0
DA:47,2
DA:48,1
DA:49,1
DA:50,1
DA:53,2
DA:54,0
DA:55,0
DA:56,0
DA:57,0
DA:58,0
DA:62,2
DA:63,1
DA:66,2
DA:91,0
DA:104,0
DA:112,0
DA:125,0
DA:138,1
DA:150,1
DA:151,1
DA:152,1
DA:158,1
LF:31
LH:20
BRDA:26,0,0,0
BRDA:27,1,0,0
BRDA:55,2,0,0
BRDA:55,2,1,0
BRDA:62,3,0,1
BRDA:62,3,1,1
BRF:6
BRH:2
end_of_record
TN:
SF:src/state/actions.js
FN:16,(anonymous_0)
FN:21,(anonymous_1)
FN:26,(anonymous_2)
FN:31,loadNews
FN:32,(anonymous_4)
FN:50,(anonymous_5)
FN:69,(anonymous_6)
FNF:7
FNH:7
FNDA:2,(anonymous_0)
FNDA:1,(anonymous_1)
FNDA:2,(anonymous_2)
FNDA:6,loadNews
FNDA:5,(anonymous_4)
FNDA:4,(anonymous_5)
FNDA:1,(anonymous_6)
DA:12,2
DA:14,2
DA:16,2
DA:21,2
DA:26,2
DA:32,6
DA:33,5
DA:35,5
DA:47,5
DA:49,5
DA:52,4
DA:58,3
DA:59,1
DA:60,2
DA:62,3
DA:65,1
DA:67,1
DA:72,1
DA:74,1
LF:19
LH:19
BRDA:47,0,0,5
BRDA:47,0,1,4
BRDA:52,1,0,3
BRDA:52,1,1,1
BRDA:53,2,0,4
BRDA:53,2,1,4
BRDA:53,2,2,3
BRDA:53,2,3,3
BRDA:58,3,0,1
BRDA:58,3,1,2
BRF:10
BRH:10
end_of_record
TN:
SF:src/state/contants.js
FNF:0
FNH:0
DA:1,2
DA:2,2
DA:3,2
DA:4,2
DA:5,2
LF:5
LH:5
BRF:0
BRH:0
end_of_record
